[2026-03-11 14:36:03] === Redball.UI.WPF Starting ===
[2026-03-11 14:36:03] OnStartup called
[2026-03-11 14:36:03] Initializing ThemeManager...
[2026-03-11 14:36:03] ThemeManager initialized
[2026-03-11 14:36:03] Starting IPC server...
[2026-03-11 14:36:03] IPC server loop starting
[2026-03-11 14:36:03] Waiting for pipe connection...
[2026-03-11 14:36:03] IPC server started
[2026-03-11 14:36:03] Creating MainWindow...
[2026-03-11 14:36:03] MainWindow created, hiding...
[2026-03-11 14:36:03] MainWindow hidden, startup complete
[2026-03-11 14:36:07] FATAL: Dispatcher exception - System.NullReferenceException: Object reference not set to an instance of an object.
   at Redball.UI.Views.SettingsWindow.Tab_Checked(Object sender, RoutedEventArgs e) in C:\Users\karll\Desktop\Redball\src\Redball.UI.WPF\Views\SettingsWindow.xaml.cs:line 43
   at System.Windows.EventRoute.InvokeHandlersImpl(Object source, RoutedEventArgs args, Boolean reRaised)
   at System.Windows.UIElement.RaiseEventImpl(DependencyObject sender, RoutedEventArgs args)
   at System.Windows.Controls.Primitives.ToggleButton.OnIsCheckedChanged(DependencyObject d, DependencyPropertyChangedEventArgs e)
   at System.Windows.FrameworkElement.OnPropertyChanged(DependencyPropertyChangedEventArgs e)
   at System.Windows.DependencyObject.NotifyPropertyChange(DependencyPropertyChangedEventArgs args)
   at System.Windows.DependencyObject.UpdateEffectiveValue(EntryIndex entryIndex, DependencyProperty dp, PropertyMetadata metadata, EffectiveValueEntry oldEntry, EffectiveValueEntry& newEntry, Boolean coerceWithDeferredReference, Boolean coerceWithCurrentValue, OperationType operationType)
   at System.Windows.DependencyObject.SetValueCommon(DependencyProperty dp, Object value, PropertyMetadata metadata, Boolean coerceWithDeferredReference, Boolean coerceWithCurrentValue, OperationType operationType, Boolean isInternal)
   at System.Windows.DependencyObject.SetValue(DependencyProperty dp, Object value)
   at MS.Internal.Xaml.Runtime.ClrObjectRuntime.SetValue(Object inst, XamlMember property, Object value)
   at System.Xaml.XamlObjectWriter.Logic_ApplyPropertyValue(ObjectWriterContext ctx, XamlMember prop, Object value, Boolean onParent)
   at System.Xaml.XamlObjectWriter.Logic_DoAssignmentToParentProperty(ObjectWriterContext ctx)
   at System.Xaml.XamlObjectWriter.WriteEndMember()
   at System.Windows.Markup.WpfXamlLoader.TransformNodes(XamlReader xamlReader, XamlObjectWriter xamlWriter, Boolean onlyLoadOneNode, Boolean skipJournaledProperties, Boolean shouldPassLineNumberInfo, IXamlLineInfo xamlLineInfo, IXamlLineInfoConsumer xamlLineInfoConsumer, XamlContextStack`1 stack, IStyleConnector styleConnector)
   at System.Windows.Markup.WpfXamlLoader.Load(XamlReader xamlReader, IXamlObjectWriterFactory writerFactory, Boolean skipJournaledProperties, Object rootObject, XamlObjectWriterSettings settings, Uri baseUri)
   at System.Windows.Markup.WpfXamlLoader.LoadBaml(XamlReader xamlReader, Boolean skipJournaledProperties, Object rootObject, XamlAccessLevel accessLevel, Uri baseUri)
   at System.Windows.Markup.XamlReader.LoadBaml(Stream stream, ParserContext parserContext, Object parent, Boolean closeStream)
   at System.Windows.Application.LoadComponent(Object component, Uri resourceLocator)
   at Redball.UI.Views.SettingsWindow.InitializeComponent() in C:\Users\karll\Desktop\Redball\src\Redball.UI.WPF\Views\SettingsWindow.xaml:line 1
   at Redball.UI.Views.SettingsWindow..ctor() in C:\Users\karll\Desktop\Redball\src\Redball.UI.WPF\Views\SettingsWindow.xaml.cs:line 11
   at Redball.UI.ViewModels.MainViewModel.OpenSettings() in C:\Users\karll\Desktop\Redball\src\Redball.UI.WPF\ViewModels\MainViewModel.cs:line 81
   at Redball.UI.ViewModels.RelayCommand.Execute(Object parameter) in C:\Users\karll\Desktop\Redball\src\Redball.UI.WPF\ViewModels\MainViewModel.cs:line 127
   at System.Windows.Controls.MenuItem.InvokeClickAfterRender(Object arg)
   at System.Windows.Threading.ExceptionWrapper.InternalRealCall(Delegate callback, Object args, Int32 numArgs)
   at System.Windows.Threading.ExceptionWrapper.TryCatchWhen(Object source, Delegate callback, Object args, Int32 numArgs, Delegate catchHandler)
[2026-03-11 14:44:12] FATAL: Dispatcher exception - System.NullReferenceException: Object reference not set to an instance of an object.
   at Redball.UI.Views.SettingsWindow.Tab_Checked(Object sender, RoutedEventArgs e) in C:\Users\karll\Desktop\Redball\src\Redball.UI.WPF\Views\SettingsWindow.xaml.cs:line 43
   at System.Windows.EventRoute.InvokeHandlersImpl(Object source, RoutedEventArgs args, Boolean reRaised)
   at System.Windows.UIElement.RaiseEventImpl(DependencyObject sender, RoutedEventArgs args)
   at System.Windows.Controls.Primitives.ToggleButton.OnIsCheckedChanged(DependencyObject d, DependencyPropertyChangedEventArgs e)
   at System.Windows.FrameworkElement.OnPropertyChanged(DependencyPropertyChangedEventArgs e)
   at System.Windows.DependencyObject.NotifyPropertyChange(DependencyPropertyChangedEventArgs args)
   at System.Windows.DependencyObject.UpdateEffectiveValue(EntryIndex entryIndex, DependencyProperty dp, PropertyMetadata metadata, EffectiveValueEntry oldEntry, EffectiveValueEntry& newEntry, Boolean coerceWithDeferredReference, Boolean coerceWithCurrentValue, OperationType operationType)
   at System.Windows.DependencyObject.SetValueCommon(DependencyProperty dp, Object value, PropertyMetadata metadata, Boolean coerceWithDeferredReference, Boolean coerceWithCurrentValue, OperationType operationType, Boolean isInternal)
   at System.Windows.DependencyObject.SetValue(DependencyProperty dp, Object value)
   at MS.Internal.Xaml.Runtime.ClrObjectRuntime.SetValue(Object inst, XamlMember property, Object value)
   at System.Xaml.XamlObjectWriter.Logic_ApplyPropertyValue(ObjectWriterContext ctx, XamlMember prop, Object value, Boolean onParent)
   at System.Xaml.XamlObjectWriter.Logic_DoAssignmentToParentProperty(ObjectWriterContext ctx)
   at System.Xaml.XamlObjectWriter.WriteEndMember()
   at System.Windows.Markup.WpfXamlLoader.TransformNodes(XamlReader xamlReader, XamlObjectWriter xamlWriter, Boolean onlyLoadOneNode, Boolean skipJournaledProperties, Boolean shouldPassLineNumberInfo, IXamlLineInfo xamlLineInfo, IXamlLineInfoConsumer xamlLineInfoConsumer, XamlContextStack`1 stack, IStyleConnector styleConnector)
   at System.Windows.Markup.WpfXamlLoader.Load(XamlReader xamlReader, IXamlObjectWriterFactory writerFactory, Boolean skipJournaledProperties, Object rootObject, XamlObjectWriterSettings settings, Uri baseUri)
   at System.Windows.Markup.WpfXamlLoader.LoadBaml(XamlReader xamlReader, Boolean skipJournaledProperties, Object rootObject, XamlAccessLevel accessLevel, Uri baseUri)
   at System.Windows.Markup.XamlReader.LoadBaml(Stream stream, ParserContext parserContext, Object parent, Boolean closeStream)
   at System.Windows.Application.LoadComponent(Object component, Uri resourceLocator)
   at Redball.UI.Views.SettingsWindow.InitializeComponent() in C:\Users\karll\Desktop\Redball\src\Redball.UI.WPF\Views\SettingsWindow.xaml:line 1
   at Redball.UI.Views.SettingsWindow..ctor() in C:\Users\karll\Desktop\Redball\src\Redball.UI.WPF\Views\SettingsWindow.xaml.cs:line 11
   at Redball.UI.ViewModels.MainViewModel.OpenSettings() in C:\Users\karll\Desktop\Redball\src\Redball.UI.WPF\ViewModels\MainViewModel.cs:line 81
   at Redball.UI.ViewModels.RelayCommand.Execute(Object parameter) in C:\Users\karll\Desktop\Redball\src\Redball.UI.WPF\ViewModels\MainViewModel.cs:line 127
   at System.Windows.Controls.MenuItem.InvokeClickAfterRender(Object arg)
   at System.Windows.Threading.ExceptionWrapper.InternalRealCall(Delegate callback, Object args, Int32 numArgs)
   at System.Windows.Threading.ExceptionWrapper.TryCatchWhen(Object source, Delegate callback, Object args, Int32 numArgs, Delegate catchHandler)
[2026-03-11 14:44:14] === Redball.UI.WPF Exiting (code: 0) ===
