[4D9C:6D90][2026-03-13T15:31:13]i001: Burn x86 v7.0.0-rc.2, Windows v10.0 x64 (Build 26100: Service Pack 0), path: C:\Users\karll\Desktop\Redball\dist\Redball-Setup-2.1.24.exe
[4D9C:6D90][2026-03-13T15:31:13]i009: Command Line: '/log C:\Users\karll\Desktop\Redball\dist\bundle-debug.log'
[4D9C:6D90][2026-03-13T15:31:13]i000: Setting string variable 'WixBundleSourceProcessPath' to value 'C:\Users\karll\Desktop\Redball\dist\Redball-Setup-2.1.24.exe'
[4D9C:6D90][2026-03-13T15:31:13]i000: Setting string variable 'WixBundleSourceProcessFolder' to value 'C:\Users\karll\Desktop\Redball\dist\'
[4D9C:6D90][2026-03-13T15:31:13]i000: Setting string variable 'WixBundleOriginalSource' to value 'C:\Users\karll\Desktop\Redball\dist\Redball-Setup-2.1.24.exe'
[4D9C:6D90][2026-03-13T15:31:13]i000: Setting string variable 'WixBundleOriginalSourceFolder' to value 'C:\Users\karll\Desktop\Redball\dist\'
[4D9C:6D90][2026-03-13T15:31:14]i000: Setting string variable 'WixBundleLog' to value 'C:\Users\karll\Desktop\Redball\dist\bundle-debug.log'
[4D9C:6D90][2026-03-13T15:31:14]i000: Setting string variable 'WixBundleInProgressName' to value ''
[4D9C:6D90][2026-03-13T15:31:14]i000: Setting string variable 'WixBundleName' to value 'Redball Setup'
[4D9C:6D90][2026-03-13T15:31:14]i000: Setting string variable 'WixBundleManufacturer' to value 'ArMaTeC'
[4D9C:4318][2026-03-13T15:31:15]i000: Setting version variable 'WixBundleFileVersion' to value '7.0.0.94'
[4D9C:4318][2026-03-13T15:31:15]i000: Setting numeric variable 'WixStdBAShowVersion' to value 1
[4D9C:4318][2026-03-13T15:31:15]i000: Setting string variable 'WixStdBAScope' to value 'PerUser'
[4D9C:4318][2026-03-13T15:31:15]i000: Setting numeric variable 'WixStdBALanguageId' to value 1033
[4D9C:6D90][2026-03-13T15:31:15]i100: Detect begin, 2 packages
[4D9C:6D90][2026-03-13T15:31:16]i000: Setting version variable 'NET8DesktopInstalled' to value '8.0.25'
[4D9C:6D90][2026-03-13T15:31:16]i102: Detected related bundle: {7696892D-B420-4901-82B5-7919CD5F10DA}, type: Upgrade, scope: PerUser, version: 2.1.24.0, cached: Yes
[4D9C:6D90][2026-03-13T15:31:16]i102: Detected related bundle: {7696892D-B420-4901-82B5-7919CD5F10DA}, type: Upgrade, scope: PerUser, version: 2.1.24.0, cached: Yes
[4D9C:6D90][2026-03-13T15:31:16]i052: Condition 'NET8DesktopInstalled' evaluates to true.
[4D9C:6D90][2026-03-13T15:31:16]i101: Detected package: NetDesktop8Runtime, state: Present, authored scope: PerUserOrMachine, detected scope: PerUser, cached: No, install registration state: (permanent), cache registration state: (permanent)
[4D9C:6D90][2026-03-13T15:31:16]i101: Detected package: Redball_2.1.24.msi, state: Absent, authored scope: PerUserOrMachine, detected scope: PerUser, cached: No, install registration state: Absent, cache registration state: Absent
[4D9C:6D90][2026-03-13T15:31:16]i199: Detect complete, result: 0x0, registration state: None, cached: No, eligible for cleanup: No
[4D9C:4318][2026-03-13T15:31:16]i052: Condition 'WixStdBAUpdateAvailable' evaluates to false.
[4D9C:4318][2026-03-13T15:31:16]i052: Condition 'NOT WixStdBASuppressOptionsUI' evaluates to true.
[4D9C:4318][2026-03-13T15:31:28]i052: Condition 'WixBundleAuthoredScope = 2 OR WixBundleAuthoredScope = 3' evaluates to true.
[4D9C:4318][2026-03-13T15:31:28]i052: Condition 'WixBundleAuthoredScope = 2 OR WixBundleAuthoredScope = 3' evaluates to true.
[4D9C:4318][2026-03-13T15:31:34]i052: Condition 'WixBundleAuthoredScope = 2 OR WixBundleAuthoredScope = 3' evaluates to true.
[4D9C:4318][2026-03-13T15:31:34]i052: Condition 'WixBundleAuthoredScope = 2 OR WixBundleAuthoredScope = 3' evaluates to true.
[4D9C:4318][2026-03-13T15:31:34]i000: Setting string variable 'InstallFolder' to value 'C:\Users\karll\Desktop\Redball\testinstall'
[4D9C:4318][2026-03-13T15:31:35]i000: Setting string variable 'InstallFolder' to value 'C:\Users\karll\Desktop\Redball\testinstall'
[4D9C:4318][2026-03-13T15:31:35]i052: Condition 'WixStdBAUpdateAvailable' evaluates to false.
[4D9C:4318][2026-03-13T15:31:35]i052: Condition 'NOT WixStdBASuppressOptionsUI' evaluates to true.
[4D9C:6D90][2026-03-13T15:31:36]i200: Plan begin, 2 packages, action: Install, planned scope: PerUser
[4D9C:6D90][2026-03-13T15:31:36]i228: Upgraded bundle {7696892D-B420-4901-82B5-7919CD5F10DA} was already installed with scope: PerUser. Scope cannot change during upgrade.
[4D9C:6D90][2026-03-13T15:31:36]i226: Planned configurable scope: PerUser
[4D9C:6D90][2026-03-13T15:31:36]i052: Condition 'NOT NET8DesktopInstalled' evaluates to false.
[4D9C:6D90][2026-03-13T15:31:36]w321: Skipping dependency registration on package with no dependency providers: NetDesktop8Runtime
[4D9C:6D90][2026-03-13T15:31:36]i000: Setting string variable 'WixBundleRollbackLog_Redball_2.1.24.msi' to value 'C:\Users\karll\Desktop\Redball\dist\bundle-debug_000_Redball_2.1.24.msi_rollback.log'
[4D9C:6D90][2026-03-13T15:31:36]i000: Setting string variable 'WixBundleLog_Redball_2.1.24.msi' to value 'C:\Users\karll\Desktop\Redball\dist\bundle-debug_000_Redball_2.1.24.msi.log'
[4D9C:6D90][2026-03-13T15:31:36]i000: Setting string variable 'WixBundleLog_{7696892D-B420-4901-82B5-7919CD5F10DA}' to value 'C:\Users\karll\Desktop\Redball\dist\bundle-debug_001_{7696892D-B420-4901-82B5-7919CD5F10DA}.log'
[4D9C:6D90][2026-03-13T15:31:36]i000: Setting string variable 'WixBundleRollbackLog_{7696892D-B420-4901-82B5-7919CD5F10DA}' to value 'C:\Users\karll\Desktop\Redball\dist\bundle-debug_001_{7696892D-B420-4901-82B5-7919CD5F10DA}_rollback.log'
[4D9C:6D90][2026-03-13T15:31:36]i000: Setting string variable 'WixBundleLog_{7696892D-B420-4901-82B5-7919CD5F10DA}' to value 'C:\Users\karll\Desktop\Redball\dist\bundle-debug_002_{7696892D-B420-4901-82B5-7919CD5F10DA}.log'
[4D9C:6D90][2026-03-13T15:31:36]i000: Setting string variable 'WixBundleRollbackLog_{7696892D-B420-4901-82B5-7919CD5F10DA}' to value 'C:\Users\karll\Desktop\Redball\dist\bundle-debug_002_{7696892D-B420-4901-82B5-7919CD5F10DA}_rollback.log'
[4D9C:6D90][2026-03-13T15:31:36]i222: Planned rollback boundary: 'WixDefaultBoundary', vital: Yes, transaction: No (default: No)
[4D9C:6D90][2026-03-13T15:31:36]i201: Planned package: NetDesktop8Runtime, state: Present, default requested: Absent, ba requested: Absent, execute: None, rollback: None, scope: PerUser, default cache strategy: Keep, ba requested strategy: Keep, cache: No, uncache: No, dependency: None, expected install registration state: (permanent), expected cache registration state: (permanent)
[4D9C:6D90][2026-03-13T15:31:36]i201: Planned package: Redball_2.1.24.msi, state: Absent, default requested: Present, ba requested: Present, execute: Install, rollback: Uninstall, scope: PerUser, default cache strategy: Keep, ba requested strategy: Keep, cache: Vital, uncache: No, dependency: Register, expected install registration state: Present, expected cache registration state: Present
[4D9C:6D90][2026-03-13T15:31:36]i207: Planned related bundle: {7696892D-B420-4901-82B5-7919CD5F10DA}, detect type: Upgrade, default plan type: Upgrade, ba plan type: Upgrade, default requested: Absent, ba requested: Absent, execute: Uninstall, rollback: Install, default requested restore: ForcePresent, ba requested restore: ForcePresent, restore: Install, dependency: None
[4D9C:6D90][2026-03-13T15:31:36]i207: Planned related bundle: {7696892D-B420-4901-82B5-7919CD5F10DA}, detect type: Upgrade, default plan type: Upgrade, ba plan type: Upgrade, default requested: Absent, ba requested: Absent, execute: Uninstall, rollback: Install, default requested restore: ForcePresent, ba requested restore: ForcePresent, restore: Install, dependency: None
[4D9C:6D90][2026-03-13T15:31:36]i299: Plan complete, result: 0x0
[4D9C:6D90][2026-03-13T15:31:36]i300: Apply begin
[4D9C:6D90][2026-03-13T15:31:36]i370: Session begin, registration key: SOFTWARE\Microsoft\Windows\CurrentVersion\Uninstall\{12554048-F232-465D-8CE8-D91792AE9F0D}, scope: PerUser, options: 0x3, disable resume: No
[4D9C:6D90][2026-03-13T15:31:36]i000: Caching bundle from: 'C:\Users\karll\AppData\Local\Temp\{1CB7B751-DAB9-4D3A-9CB8-9FDD50DBCE8C}\.be\Redball-Setup-2.1.24.exe' to: 'C:\Users\karll\AppData\Local\Package Cache\{12554048-F232-465D-8CE8-D91792AE9F0D}\Redball-Setup-2.1.24.exe'
[4D9C:6D90][2026-03-13T15:31:36]i320: Registering bundle dependency provider: {12554048-F232-465D-8CE8-D91792AE9F0D}, version: 2.1.24.0
[4D9C:6D90][2026-03-13T15:31:36]i371: Updating session, registration key: SOFTWARE\Microsoft\Windows\CurrentVersion\Uninstall\{12554048-F232-465D-8CE8-D91792AE9F0D}, scope: PerUser, resume: Active, restart initiated: No, disable resume: No
[4D9C:5F1C][2026-03-13T15:31:36]i305: Verified acquired payload: Redball_2.1.24.msi at path: C:\Users\karll\AppData\Local\Package Cache\.unverified\Redball_2.1.24.msi, moving to: C:\Users\karll\AppData\Local\Package Cache\{3C9010D5-ED52-4779-A292-7EFC78D62134}v2.1.24.0\Redball-2.1.24.msi.
[4D9C:6D90][2026-03-13T15:31:36]i323: Registering package dependency provider: {3C9010D5-ED52-4779-A292-7EFC78D62134}_v2.1.24.0, version: 2.1.24.0, package: Redball_2.1.24.msi
[4D9C:6D90][2026-03-13T15:31:36]i301: Applying execute package: Redball_2.1.24.msi, action: Install, path: C:\Users\karll\AppData\Local\Package Cache\{3C9010D5-ED52-4779-A292-7EFC78D62134}v2.1.24.0\Redball-2.1.24.msi, arguments: ' ARPSYSTEMCOMPONENT="1" MSIFASTINSTALL="7" BURNMSIINSTALL=1 REINSTALLMODE="muso" MSIINSTALLPERUSER="1" REBOOT=ReallySuppress'
[4D9C:6D90][2026-03-13T15:31:45]i319: Applied execute package: Redball_2.1.24.msi, result: 0x0, restart: None
[4D9C:6D90][2026-03-13T15:31:45]i325: Registering dependency: {12554048-F232-465D-8CE8-D91792AE9F0D} on package provider: {3C9010D5-ED52-4779-A292-7EFC78D62134}_v2.1.24.0, package: Redball_2.1.24.msi
[4D9C:6D90][2026-03-13T15:31:45]i301: Applying execute package: {7696892D-B420-4901-82B5-7919CD5F10DA}, action: Uninstall, path: C:\Users\karll\AppData\Local\Package Cache\{7696892D-B420-4901-82B5-7919CD5F10DA}\Redball-Setup-2.1.24.exe, arguments: ' -log "C:\Users\karll\Desktop\Redball\dist\bundle-debug_002_{7696892D-B420-4901-82B5-7919CD5F10DA}.log"'
[4D9C:6D90][2026-03-13T15:31:56]i366: The process for package: {7696892D-B420-4901-82B5-7919CD5F10DA} exited with code: 0x0. The exit code has been translated to type: Success and restart: None.
[4D9C:6D90][2026-03-13T15:31:56]i319: Applied execute package: {7696892D-B420-4901-82B5-7919CD5F10DA}, result: 0x0, restart: None
[4D9C:6D90][2026-03-13T15:31:59]i301: Applying execute package: {7696892D-B420-4901-82B5-7919CD5F10DA}, action: Uninstall, path: C:\Users\karll\AppData\Local\Package Cache\{7696892D-B420-4901-82B5-7919CD5F10DA}\Redball-Setup-2.1.24.exe, arguments: ' -log "C:\Users\karll\Desktop\Redball\dist\bundle-debug_002_{7696892D-B420-4901-82B5-7919CD5F10DA}.log"'
[4D9C:6D90][2026-03-13T15:31:59]e000: Error 0x80070003: CreateProcessW failed with return code: 3
[4D9C:6D90][2026-03-13T15:31:59]e000: Error 0x80070003: Failed to create embedded process at path: C:\Users\karll\AppData\Local\Package Cache\{7696892D-B420-4901-82B5-7919CD5F10DA}\Redball-Setup-2.1.24.exe
[4D9C:6D90][2026-03-13T15:31:59]e000: Error 0x80070003: Failed to run bundle as embedded from path: C:\Users\karll\AppData\Local\Package Cache\{7696892D-B420-4901-82B5-7919CD5F10DA}\Redball-Setup-2.1.24.exe
[4D9C:6D90][2026-03-13T15:31:59]e000: Error 0x80070003: Failed to configure per-user related bundle.
[4D9C:6D90][2026-03-13T15:31:59]w350: Applied non-vital package: {7696892D-B420-4901-82B5-7919CD5F10DA}, encountered error: 0x80070003. Continuing...
[4D9C:6D90][2026-03-13T15:31:59]i373: Calculating whether to keep registration
[4D9C:6D90][2026-03-13T15:31:59]i374:   package: NetDesktop8Runtime, install registration state: (permanent), cache registration state: (permanent)
[4D9C:6D90][2026-03-13T15:31:59]i374:   package: Redball_2.1.24.msi, install registration state: Present, cache registration state: Present
[4D9C:6D90][2026-03-13T15:31:59]i372: Session end, registration key: SOFTWARE\Microsoft\Windows\CurrentVersion\Uninstall\{12554048-F232-465D-8CE8-D91792AE9F0D}, scope: PerUser, resume: ARP, restart: None, disable resume: No, default registration: Full, ba requested registration: Full
[4D9C:6D90][2026-03-13T15:31:59]i371: Updating session, registration key: SOFTWARE\Microsoft\Windows\CurrentVersion\Uninstall\{12554048-F232-465D-8CE8-D91792AE9F0D}, scope: PerUser, resume: ARP, restart initiated: No, disable resume: No
[4D9C:4318][2026-03-13T15:31:59]i000: Setting string variable 'WixStdBARestartRequired' to value ''
[4D9C:6D90][2026-03-13T15:32:00]i399: Apply complete, result: 0x0, restart: None, ba requested restart:  No
[4D9C:4318][2026-03-13T15:32:00]i052: Condition 'WixBundleAction = 2' evaluates to false.
[4D9C:4318][2026-03-13T15:32:00]i052: Condition 'WixBundleAction = 3' evaluates to false.
[4D9C:4318][2026-03-13T15:32:00]i052: Condition 'WixBundleAction = 4' evaluates to false.
[4D9C:4318][2026-03-13T15:32:00]i052: Condition 'WixBundleAction = 5' evaluates to false.
[4D9C:4318][2026-03-13T15:32:00]i052: Condition 'WixBundleAction = 6' evaluates to true.
[4D9C:4318][2026-03-13T15:32:00]i052: Condition 'WixStdBARestartRequired' evaluates to false.
[4D9C:4318][2026-03-13T15:32:00]i052: Condition 'WixBundleAction = 3' evaluates to false.
[4D9C:6D90][2026-03-13T15:32:12]i500: Shutting down, exit code: 0x0
[4D9C:6D90][2026-03-13T15:32:12]i502: Cleanup begin.
[4D9C:6D90][2026-03-13T15:32:12]i503: Cleanup not required due to running Apply.
[4D9C:6D90][2026-03-13T15:32:12]i599: Cleanup complete, result: 0x0
[4D9C:6D90][2026-03-13T15:32:12]i410: Variable: InstallFolder = C:\Users\karll\Desktop\Redball\testinstall
[4D9C:6D90][2026-03-13T15:32:12]i410: Variable: NET8DesktopInstalled = 8.0.25
[4D9C:6D90][2026-03-13T15:32:12]i410: Variable: RebootPending = 1
[4D9C:6D90][2026-03-13T15:32:12]i410: Variable: WixBundleAction = 6
[4D9C:6D90][2026-03-13T15:32:12]i410: Variable: WixBundleAuthoredScope = 3
[4D9C:6D90][2026-03-13T15:32:12]i410: Variable: WixBundleCommandLineAction = 6
[4D9C:6D90][2026-03-13T15:32:12]i410: Variable: WixBundleDetectedScope = 0
[4D9C:6D90][2026-03-13T15:32:12]i410: Variable: WixBundleElevated = 0
[4D9C:6D90][2026-03-13T15:32:12]i410: Variable: WixBundleFileVersion = 7.0.0.94
[4D9C:6D90][2026-03-13T15:32:12]i410: Variable: WixBundleInProgressName = 
[4D9C:6D90][2026-03-13T15:32:12]i410: Variable: WixBundleInstalled = 0
[4D9C:6D90][2026-03-13T15:32:12]i410: Variable: WixBundleLog = C:\Users\karll\Desktop\Redball\dist\bundle-debug.log
[4D9C:6D90][2026-03-13T15:32:12]i410: Variable: WixBundleLog_Redball_2.1.24.msi = C:\Users\karll\Desktop\Redball\dist\bundle-debug_000_Redball_2.1.24.msi.log
[4D9C:6D90][2026-03-13T15:32:12]i410: Variable: WixBundleLog_{7696892D-B420-4901-82B5-7919CD5F10DA} = C:\Users\karll\Desktop\Redball\dist\bundle-debug_002_{7696892D-B420-4901-82B5-7919CD5F10DA}.log
[4D9C:6D90][2026-03-13T15:32:12]i410: Variable: WixBundleManufacturer = ArMaTeC
[4D9C:6D90][2026-03-13T15:32:12]i410: Variable: WixBundleName = Redball Setup
[4D9C:6D90][2026-03-13T15:32:12]i410: Variable: WixBundleOriginalSource = C:\Users\karll\Desktop\Redball\dist\Redball-Setup-2.1.24.exe
[4D9C:6D90][2026-03-13T15:32:12]i410: Variable: WixBundleOriginalSourceFolder = C:\Users\karll\Desktop\Redball\dist\
[4D9C:6D90][2026-03-13T15:32:12]i410: Variable: WixBundlePlannedScope = 2
[4D9C:6D90][2026-03-13T15:32:12]i410: Variable: WixBundleProviderKey = {12554048-F232-465D-8CE8-D91792AE9F0D}
[4D9C:6D90][2026-03-13T15:32:12]i410: Variable: WixBundleRollbackLog_Redball_2.1.24.msi = C:\Users\karll\Desktop\Redball\dist\bundle-debug_000_Redball_2.1.24.msi_rollback.log
[4D9C:6D90][2026-03-13T15:32:12]i410: Variable: WixBundleRollbackLog_{7696892D-B420-4901-82B5-7919CD5F10DA} = C:\Users\karll\Desktop\Redball\dist\bundle-debug_002_{7696892D-B420-4901-82B5-7919CD5F10DA}_rollback.log
[4D9C:6D90][2026-03-13T15:32:12]i410: Variable: WixBundleSourceProcessFolder = C:\Users\karll\Desktop\Redball\dist\
[4D9C:6D90][2026-03-13T15:32:12]i410: Variable: WixBundleSourceProcessPath = C:\Users\karll\Desktop\Redball\dist\Redball-Setup-2.1.24.exe
[4D9C:6D90][2026-03-13T15:32:12]i410: Variable: WixBundleTag = 
[4D9C:6D90][2026-03-13T15:32:12]i410: Variable: WixBundleUILevel = 4
[4D9C:6D90][2026-03-13T15:32:12]i410: Variable: WixBundleVersion = 2.1.24.0
[4D9C:6D90][2026-03-13T15:32:12]i410: Variable: WixCanRestart = 1
[4D9C:6D90][2026-03-13T15:32:12]i410: Variable: WixStdBALanguageId = 1033
[4D9C:6D90][2026-03-13T15:32:12]i410: Variable: WixStdBARestartRequired = 
[4D9C:6D90][2026-03-13T15:32:12]i410: Variable: WixStdBAScope = PerUser
[4D9C:6D90][2026-03-13T15:32:12]i410: Variable: WixStdBAShowVersion = 1
[4D9C:6D90][2026-03-13T15:32:12]i007: Exit code: 0x0, restarting: No
