[14B0:6910][2026-03-13T15:31:46]i003: This bundle is being run by a related bundle as type 'Upgrade'.
[14B0:6910][2026-03-13T15:31:46]i001: Burn x86 v7.0.0-rc.2, Windows v10.0 x64 (Build 26100: Service Pack 0), path: C:\Users\karll\AppData\Local\Package Cache\{7696892D-B420-4901-82B5-7919CD5F10DA}\Redball-Setup-2.1.24.exe
[14B0:6910][2026-03-13T15:31:46]i009: Command Line: '-uninstall -quiet -burn.related.upgrade -burn.ancestors={12554048-F232-465D-8CE8-D91792AE9F0D} -burn.filehandle.self=1212 -log C:\Users\karll\Desktop\Redball\dist\bundle-debug_002_{7696892D-B420-4901-82B5-7919CD5F10DA}.log -burn.embedded BurnPipe.{48A5E53D-7ED8-497F-9215-BA7684FC7378} {6DAD9991-C997-43D2-9550-ADBE7F2D4556} 19868'
[14B0:6910][2026-03-13T15:31:46]i000: Setting string variable 'WixBundleSourceProcessPath' to value 'C:\Users\karll\AppData\Local\Package Cache\{7696892D-B420-4901-82B5-7919CD5F10DA}\Redball-Setup-2.1.24.exe'
[14B0:6910][2026-03-13T15:31:46]i000: Setting string variable 'WixBundleSourceProcessFolder' to value 'C:\Users\karll\AppData\Local\Package Cache\{7696892D-B420-4901-82B5-7919CD5F10DA}\'
[14B0:6910][2026-03-13T15:31:47]i000: Setting string variable 'WixBundleLog' to value 'C:\Users\karll\Desktop\Redball\dist\bundle-debug_002_{7696892D-B420-4901-82B5-7919CD5F10DA}.log'
[14B0:6910][2026-03-13T15:31:47]w055: Could not load or read state file: (null), error: 0x80070057.
[14B0:6910][2026-03-13T15:31:47]i000: Setting string variable 'WixBundleInProgressName' to value ''
[14B0:6910][2026-03-13T15:31:47]i000: Setting string variable 'WixBundleName' to value 'Redball Setup'
[14B0:6910][2026-03-13T15:31:47]i000: Setting string variable 'WixBundleManufacturer' to value 'ArMaTeC'
[14B0:6ADC][2026-03-13T15:31:47]i000: Setting version variable 'WixBundleFileVersion' to value '7.0.0.94'
[14B0:6ADC][2026-03-13T15:31:47]i000: Setting numeric variable 'WixStdBAShowVersion' to value 1
[14B0:6ADC][2026-03-13T15:31:47]i000: Setting string variable 'WixStdBAScope' to value 'PerUser'
[14B0:6ADC][2026-03-13T15:31:48]i000: Setting numeric variable 'WixStdBALanguageId' to value 1033
[14B0:6910][2026-03-13T15:31:48]i100: Detect begin, 2 packages
[14B0:6910][2026-03-13T15:31:48]i000: Setting version variable 'NET8DesktopInstalled' to value '8.0.25'
[14B0:6910][2026-03-13T15:31:48]i102: Detected related bundle: {12554048-F232-465D-8CE8-D91792AE9F0D}, type: Upgrade, scope: PerUser, version: 2.1.24.0, cached: Yes
[14B0:6910][2026-03-13T15:31:48]i102: Detected related bundle: {12554048-F232-465D-8CE8-D91792AE9F0D}, type: Upgrade, scope: PerUser, version: 2.1.24.0, cached: Yes
[14B0:6910][2026-03-13T15:31:48]i052: Condition 'NET8DesktopInstalled' evaluates to true.
[14B0:6910][2026-03-13T15:31:48]i101: Detected package: NetDesktop8Runtime, state: Present, authored scope: PerUserOrMachine, detected scope: PerUser, cached: No, install registration state: (permanent), cache registration state: (permanent)
[14B0:6910][2026-03-13T15:31:48]i101: Detected package: Redball_2.1.24.msi, state: Present, authored scope: PerUserOrMachine, detected scope: PerUser, cached: Yes, install registration state: Present, cache registration state: Present
[14B0:6910][2026-03-13T15:31:48]i199: Detect complete, result: 0x0, registration state: Full, cached: No, eligible for cleanup: No
[14B0:6910][2026-03-13T15:31:48]i200: Plan begin, 2 packages, action: Uninstall, planned scope: PerUser
[14B0:6910][2026-03-13T15:31:48]i228: Upgraded bundle {12554048-F232-465D-8CE8-D91792AE9F0D} was already installed with scope: PerUser. Scope cannot change during upgrade.
[14B0:6910][2026-03-13T15:31:48]i226: Planned configurable scope: PerUser
[14B0:6910][2026-03-13T15:31:48]i214: Plan skipped related bundle: {12554048-F232-465D-8CE8-D91792AE9F0D}, because it was previously scheduled.
[14B0:6910][2026-03-13T15:31:48]i214: Plan skipped related bundle: {12554048-F232-465D-8CE8-D91792AE9F0D}, because it was previously scheduled.
[14B0:6910][2026-03-13T15:31:48]i052: Condition 'NOT NET8DesktopInstalled' evaluates to false.
[14B0:6910][2026-03-13T15:31:48]i000: Setting string variable 'WixBundleRollbackLog_Redball_2.1.24.msi' to value 'C:\Users\karll\Desktop\Redball\dist\bundle-debug_002_{7696892D-B420-4901-82B5-7919CD5F10DA}_000_Redball_2.1.24.msi_rollback.log'
[14B0:6910][2026-03-13T15:31:48]i000: Setting string variable 'WixBundleLog_Redball_2.1.24.msi' to value 'C:\Users\karll\Desktop\Redball\dist\bundle-debug_002_{7696892D-B420-4901-82B5-7919CD5F10DA}_000_Redball_2.1.24.msi.log'
[14B0:6910][2026-03-13T15:31:48]w321: Skipping dependency registration on package with no dependency providers: NetDesktop8Runtime
[14B0:6910][2026-03-13T15:31:48]i207: Planned related bundle: {12554048-F232-465D-8CE8-D91792AE9F0D}, detect type: Upgrade, default plan type: Upgrade, ba plan type: Upgrade, default requested: None, ba requested: None, execute: None, rollback: None, default requested restore: None, ba requested restore: None, restore: None, dependency: None
[14B0:6910][2026-03-13T15:31:48]i207: Planned related bundle: {12554048-F232-465D-8CE8-D91792AE9F0D}, detect type: Upgrade, default plan type: Upgrade, ba plan type: Upgrade, default requested: None, ba requested: None, execute: None, rollback: None, default requested restore: None, ba requested restore: None, restore: None, dependency: None
[14B0:6910][2026-03-13T15:31:48]i222: Planned rollback boundary: 'WixDefaultBoundary', vital: Yes, transaction: No (default: No)
[14B0:6910][2026-03-13T15:31:48]i201: Planned package: Redball_2.1.24.msi, state: Present, default requested: Absent, ba requested: Absent, execute: Uninstall, rollback: Install, scope: PerUser, default cache strategy: Keep, ba requested strategy: Keep, cache: NonVital, uncache: Yes, dependency: Unregister, expected install registration state: Absent, expected cache registration state: Absent
[14B0:6910][2026-03-13T15:31:48]i201: Planned package: NetDesktop8Runtime, state: Present, default requested: Absent, ba requested: Absent, execute: None, rollback: None, scope: PerUser, default cache strategy: Keep, ba requested strategy: Keep, cache: No, uncache: No, dependency: None, expected install registration state: (permanent), expected cache registration state: (permanent)
[14B0:6910][2026-03-13T15:31:48]i299: Plan complete, result: 0x0
[14B0:6910][2026-03-13T15:31:48]i300: Apply begin
[14B0:6910][2026-03-13T15:31:48]i370: Session begin, registration key: SOFTWARE\Microsoft\Windows\CurrentVersion\Uninstall\{7696892D-B420-4901-82B5-7919CD5F10DA}, scope: PerUser, options: 0x2, disable resume: Yes
[14B0:6910][2026-03-13T15:31:48]i320: Registering bundle dependency provider: {7696892D-B420-4901-82B5-7919CD5F10DA}, version: 2.1.24.0
[14B0:6910][2026-03-13T15:31:48]i371: Updating session, registration key: SOFTWARE\Microsoft\Windows\CurrentVersion\Uninstall\{7696892D-B420-4901-82B5-7919CD5F10DA}, scope: PerUser, resume: Active, restart initiated: No, disable resume: Yes
[14B0:64A4][2026-03-13T15:31:49]i304: Verified existing payload: Redball_2.1.24.msi at path: C:\Users\karll\AppData\Local\Package Cache\{6759496D-1C4B-4D26-980B-071C4071C259}v2.1.24.0\Redball-2.1.24.msi.
[14B0:6910][2026-03-13T15:31:49]i326: Removed dependency: {7696892D-B420-4901-82B5-7919CD5F10DA} on package provider: {6759496D-1C4B-4D26-980B-071C4071C259}_v2.1.24.0, package Redball_2.1.24.msi
[14B0:6910][2026-03-13T15:31:49]i329: Removed package dependency provider: {6759496D-1C4B-4D26-980B-071C4071C259}_v2.1.24.0, package: Redball_2.1.24.msi
[14B0:6910][2026-03-13T15:31:49]i301: Applying execute package: Redball_2.1.24.msi, action: Uninstall, path: (null), arguments: ' ARPSYSTEMCOMPONENT="1" MSIFASTINSTALL="7" BURNMSIUNINSTALL=1 MSIINSTALLPERUSER="1" REBOOT=ReallySuppress IGNOREDEPENDENCIES=ALL'
[14B0:6910][2026-03-13T15:31:53]i319: Applied execute package: Redball_2.1.24.msi, result: 0x0, restart: None
[14B0:6910][2026-03-13T15:31:53]i351: Removing cached package: Redball_2.1.24.msi, from path: C:\Users\karll\AppData\Local\Package Cache\{6759496D-1C4B-4D26-980B-071C4071C259}v2.1.24.0\
[14B0:6910][2026-03-13T15:31:54]i373: Calculating whether to keep registration
[14B0:6910][2026-03-13T15:31:54]i374:   package: NetDesktop8Runtime, install registration state: (permanent), cache registration state: (permanent)
[14B0:6910][2026-03-13T15:31:54]i374:   package: Redball_2.1.24.msi, install registration state: Absent, cache registration state: Absent
[14B0:6910][2026-03-13T15:31:54]i372: Session end, registration key: SOFTWARE\Microsoft\Windows\CurrentVersion\Uninstall\{7696892D-B420-4901-82B5-7919CD5F10DA}, scope: PerUser, resume: None, restart: None, disable resume: Yes, default registration: None, ba requested registration: None
[14B0:6910][2026-03-13T15:31:54]i330: Removed bundle dependency provider: {7696892D-B420-4901-82B5-7919CD5F10DA}
[14B0:6910][2026-03-13T15:31:54]i326: Removed dependency: {7696892D-B420-4901-82B5-7919CD5F10DA} on package provider: {6759496D-1C4B-4D26-980B-071C4071C259}_v2.1.24.0, package Redball_2.1.24.msi
[14B0:6910][2026-03-13T15:31:54]i326: Removed dependency: {7696892D-B420-4901-82B5-7919CD5F10DA} on package provider: {12554048-F232-465D-8CE8-D91792AE9F0D}, package {12554048-F232-465D-8CE8-D91792AE9F0D}
[14B0:6910][2026-03-13T15:31:54]i326: Removed dependency: {7696892D-B420-4901-82B5-7919CD5F10DA} on package provider: {12554048-F232-465D-8CE8-D91792AE9F0D}, package {12554048-F232-465D-8CE8-D91792AE9F0D}
[14B0:6910][2026-03-13T15:31:54]i329: Removed package dependency provider: {6759496D-1C4B-4D26-980B-071C4071C259}_v2.1.24.0, package: Redball_2.1.24.msi
[14B0:6910][2026-03-13T15:31:54]i352: Removing cached bundle: {7696892D-B420-4901-82B5-7919CD5F10DA}, from path: C:\Users\karll\AppData\Local\Package Cache\{7696892D-B420-4901-82B5-7919CD5F10DA}\
[14B0:6910][2026-03-13T15:31:56]i371: Updating session, registration key: SOFTWARE\Microsoft\Windows\CurrentVersion\Uninstall\{7696892D-B420-4901-82B5-7919CD5F10DA}, scope: PerUser, resume: None, restart initiated: No, disable resume: Yes
[14B0:6ADC][2026-03-13T15:31:56]i000: Setting string variable 'WixStdBARestartRequired' to value ''
[14B0:6910][2026-03-13T15:31:56]i399: Apply complete, result: 0x0, restart: None, ba requested restart:  No
[14B0:6910][2026-03-13T15:31:56]i500: Shutting down, exit code: 0x0
[14B0:6910][2026-03-13T15:31:56]i502: Cleanup begin.
[14B0:6910][2026-03-13T15:31:56]i503: Cleanup not required due to running Apply.
[14B0:6910][2026-03-13T15:31:56]i599: Cleanup complete, result: 0x0
[14B0:6910][2026-03-13T15:31:56]i410: Variable: NET8DesktopInstalled = 8.0.25
[14B0:6910][2026-03-13T15:31:56]i410: Variable: RebootPending = 1
[14B0:6910][2026-03-13T15:31:56]i410: Variable: WixBundleAction = 4
[14B0:6910][2026-03-13T15:31:56]i410: Variable: WixBundleAuthoredScope = 3
[14B0:6910][2026-03-13T15:31:56]i410: Variable: WixBundleCommandLineAction = 4
[14B0:6910][2026-03-13T15:31:56]i410: Variable: WixBundleDetectedScope = 2
[14B0:6910][2026-03-13T15:31:56]i410: Variable: WixBundleElevated = 0
[14B0:6910][2026-03-13T15:31:56]i410: Variable: WixBundleFileVersion = 7.0.0.94
[14B0:6910][2026-03-13T15:31:56]i410: Variable: WixBundleInProgressName = 
[14B0:6910][2026-03-13T15:31:56]i410: Variable: WixBundleInstalled = 1
[14B0:6910][2026-03-13T15:31:56]i410: Variable: WixBundleLog = C:\Users\karll\Desktop\Redball\dist\bundle-debug_002_{7696892D-B420-4901-82B5-7919CD5F10DA}.log
[14B0:6910][2026-03-13T15:31:56]i410: Variable: WixBundleLog_Redball_2.1.24.msi = C:\Users\karll\Desktop\Redball\dist\bundle-debug_002_{7696892D-B420-4901-82B5-7919CD5F10DA}_000_Redball_2.1.24.msi.log
[14B0:6910][2026-03-13T15:31:56]i410: Variable: WixBundleManufacturer = ArMaTeC
[14B0:6910][2026-03-13T15:31:56]i410: Variable: WixBundleName = Redball Setup
[14B0:6910][2026-03-13T15:31:56]i410: Variable: WixBundlePlannedScope = 2
[14B0:6910][2026-03-13T15:31:56]i410: Variable: WixBundleProviderKey = {7696892D-B420-4901-82B5-7919CD5F10DA}
[14B0:6910][2026-03-13T15:31:56]i410: Variable: WixBundleRollbackLog_Redball_2.1.24.msi = C:\Users\karll\Desktop\Redball\dist\bundle-debug_002_{7696892D-B420-4901-82B5-7919CD5F10DA}_000_Redball_2.1.24.msi_rollback.log
[14B0:6910][2026-03-13T15:31:56]i410: Variable: WixBundleSourceProcessFolder = C:\Users\karll\AppData\Local\Package Cache\{7696892D-B420-4901-82B5-7919CD5F10DA}\
[14B0:6910][2026-03-13T15:31:56]i410: Variable: WixBundleSourceProcessPath = C:\Users\karll\AppData\Local\Package Cache\{7696892D-B420-4901-82B5-7919CD5F10DA}\Redball-Setup-2.1.24.exe
[14B0:6910][2026-03-13T15:31:56]i410: Variable: WixBundleTag = 
[14B0:6910][2026-03-13T15:31:56]i410: Variable: WixBundleUILevel = 1
[14B0:6910][2026-03-13T15:31:56]i410: Variable: WixBundleVersion = 2.1.24.0
[14B0:6910][2026-03-13T15:31:56]i410: Variable: WixStdBALanguageId = 1033
[14B0:6910][2026-03-13T15:31:56]i410: Variable: WixStdBARestartRequired = 
[14B0:6910][2026-03-13T15:31:56]i410: Variable: WixStdBAScope = PerUser
[14B0:6910][2026-03-13T15:31:56]i410: Variable: WixStdBAShowVersion = 1
[14B0:6910][2026-03-13T15:31:56]i007: Exit code: 0x0, restarting: No
