[2026-03-24 19:33:02.522] [INF] [004] [StressTests] Concurrent logging - expected: 500, actual: 2117
[2026-03-24 19:33:02.527] [INF] [004] [KeepAwakeService] SetActive called: active=False, until=
[2026-03-24 19:33:02.527] [INF] [004] [KeepAwakeService] IsActive changed to: False
[2026-03-24 19:33:02.527] [VRB] [004] [KeepAwakeService] SetThreadExecutionState(0x80000000)
[2026-03-24 19:33:02.527] [INF] [004] [KeepAwakeService] Heartbeat timer stopped
[2026-03-24 19:33:02.527] [INF] [004] [KeepAwakeService] SetActive called: active=True, until=
[2026-03-24 19:33:02.527] [INF] [004] [KeepAwakeService] IsActive changed to: True
[2026-03-24 19:33:02.527] [VRB] [004] [KeepAwakeService] SetThreadExecutionState(0x80000003)
[2026-03-24 19:33:02.527] [INF] [004] [KeepAwakeService] Timers started
[2026-03-24 19:33:02.527] [INF] [004] [KeepAwakeService] SetActive called: active=False, until=
[2026-03-24 19:33:02.527] [INF] [004] [KeepAwakeService] IsActive changed to: False
[2026-03-24 19:33:02.527] [VRB] [004] [KeepAwakeService] SetThreadExecutionState(0x80000000)
[2026-03-24 19:33:02.527] [INF] [004] [KeepAwakeService] Heartbeat timer stopped
[2026-03-24 19:33:02.527] [INF] [004] [KeepAwakeService] SetActive called: active=True, until=
[2026-03-24 19:33:02.527] [INF] [004] [KeepAwakeService] IsActive changed to: True
[2026-03-24 19:33:02.527] [VRB] [004] [KeepAwakeService] SetThreadExecutionState(0x80000003)
[2026-03-24 19:33:02.527] [INF] [004] [KeepAwakeService] Timers started
[2026-03-24 19:33:02.527] [INF] [004] [KeepAwakeService] SetActive called: active=False, until=
[2026-03-24 19:33:02.527] [INF] [004] [KeepAwakeService] IsActive changed to: False
[2026-03-24 19:33:02.527] [VRB] [004] [KeepAwakeService] SetThreadExecutionState(0x80000000)
[2026-03-24 19:33:02.527] [INF] [004] [KeepAwakeService] Heartbeat timer stopped
[2026-03-24 19:33:02.527] [INF] [004] [KeepAwakeService] SetActive called: active=True, until=
[2026-03-24 19:33:02.527] [INF] [004] [KeepAwakeService] IsActive changed to: True
[2026-03-24 19:33:02.527] [VRB] [004] [KeepAwakeService] SetThreadExecutionState(0x80000003)
[2026-03-24 19:33:02.527] [INF] [004] [KeepAwakeService] Timers started
[2026-03-24 19:33:02.527] [INF] [004] [KeepAwakeService] SetActive called: active=False, until=
[2026-03-24 19:33:02.527] [INF] [004] [KeepAwakeService] IsActive changed to: False
[2026-03-24 19:33:02.527] [VRB] [004] [KeepAwakeService] SetThreadExecutionState(0x80000000)
[2026-03-24 19:33:02.527] [INF] [004] [KeepAwakeService] Heartbeat timer stopped
[2026-03-24 19:33:02.527] [INF] [004] [KeepAwakeService] SetActive called: active=True, until=
[2026-03-24 19:33:02.527] [INF] [004] [KeepAwakeService] IsActive changed to: True
[2026-03-24 19:33:02.527] [VRB] [004] [KeepAwakeService] SetThreadExecutionState(0x80000003)
[2026-03-24 19:33:02.527] [INF] [004] [KeepAwakeService] Timers started
[2026-03-24 19:33:02.527] [INF] [004] [KeepAwakeService] SetActive called: active=False, until=
[2026-03-24 19:33:02.527] [INF] [004] [KeepAwakeService] IsActive changed to: False
[2026-03-24 19:33:02.527] [VRB] [004] [KeepAwakeService] SetThreadExecutionState(0x80000000)
[2026-03-24 19:33:02.527] [INF] [004] [KeepAwakeService] Heartbeat timer stopped
[2026-03-24 19:33:02.527] [INF] [004] [KeepAwakeService] SetActive called: active=True, until=
[2026-03-24 19:33:02.527] [INF] [004] [KeepAwakeService] IsActive changed to: True
[2026-03-24 19:33:02.527] [VRB] [004] [KeepAwakeService] SetThreadExecutionState(0x80000003)
[2026-03-24 19:33:02.527] [INF] [004] [KeepAwakeService] Timers started
[2026-03-24 19:33:02.527] [INF] [004] [KeepAwakeService] SetActive called: active=False, until=
[2026-03-24 19:33:02.527] [INF] [004] [KeepAwakeService] IsActive changed to: False
[2026-03-24 19:33:02.527] [VRB] [004] [KeepAwakeService] SetThreadExecutionState(0x80000000)
[2026-03-24 19:33:02.527] [INF] [004] [KeepAwakeService] Heartbeat timer stopped
[2026-03-24 19:33:02.527] [INF] [004] [KeepAwakeService] SetActive called: active=True, until=
[2026-03-24 19:33:02.527] [INF] [004] [KeepAwakeService] IsActive changed to: True
[2026-03-24 19:33:02.527] [VRB] [004] [KeepAwakeService] SetThreadExecutionState(0x80000003)
[2026-03-24 19:33:02.527] [INF] [004] [KeepAwakeService] Timers started
[2026-03-24 19:33:02.527] [INF] [004] [KeepAwakeService] SetActive called: active=False, until=
[2026-03-24 19:33:02.527] [INF] [004] [KeepAwakeService] IsActive changed to: False
[2026-03-24 19:33:02.527] [VRB] [004] [KeepAwakeService] SetThreadExecutionState(0x80000000)
[2026-03-24 19:33:02.527] [INF] [004] [KeepAwakeService] Heartbeat timer stopped
[2026-03-24 19:33:02.527] [INF] [004] [KeepAwakeService] SetActive called: active=True, until=
[2026-03-24 19:33:02.527] [INF] [004] [KeepAwakeService] IsActive changed to: True
[2026-03-24 19:33:02.527] [VRB] [004] [KeepAwakeService] SetThreadExecutionState(0x80000003)
[2026-03-24 19:33:02.527] [INF] [004] [KeepAwakeService] Timers started
[2026-03-24 19:33:02.527] [INF] [004] [KeepAwakeService] SetActive called: active=False, until=
[2026-03-24 19:33:02.527] [INF] [004] [KeepAwakeService] IsActive changed to: False
[2026-03-24 19:33:02.527] [VRB] [004] [KeepAwakeService] SetThreadExecutionState(0x80000000)
[2026-03-24 19:33:02.527] [INF] [004] [KeepAwakeService] Heartbeat timer stopped
[2026-03-24 19:33:02.527] [INF] [004] [KeepAwakeService] SetActive called: active=True, until=
[2026-03-24 19:33:02.527] [INF] [004] [KeepAwakeService] IsActive changed to: True
[2026-03-24 19:33:02.527] [VRB] [004] [KeepAwakeService] SetThreadExecutionState(0x80000003)
[2026-03-24 19:33:02.527] [INF] [004] [KeepAwakeService] Timers started
[2026-03-24 19:33:02.527] [INF] [004] [KeepAwakeService] SetActive called: active=False, until=
[2026-03-24 19:33:02.527] [INF] [004] [KeepAwakeService] IsActive changed to: False
[2026-03-24 19:33:02.527] [VRB] [004] [KeepAwakeService] SetThreadExecutionState(0x80000000)
[2026-03-24 19:33:02.527] [INF] [004] [KeepAwakeService] Heartbeat timer stopped
[2026-03-24 19:33:02.527] [INF] [004] [KeepAwakeService] SetActive called: active=True, until=
[2026-03-24 19:33:02.527] [INF] [004] [KeepAwakeService] IsActive changed to: True
[2026-03-24 19:33:02.527] [VRB] [004] [KeepAwakeService] SetThreadExecutionState(0x80000003)
[2026-03-24 19:33:02.527] [INF] [004] [KeepAwakeService] Timers started
[2026-03-24 19:33:02.527] [INF] [004] [KeepAwakeService] SetActive called: active=False, until=
[2026-03-24 19:33:02.527] [INF] [004] [KeepAwakeService] IsActive changed to: False
[2026-03-24 19:33:02.527] [VRB] [004] [KeepAwakeService] SetThreadExecutionState(0x80000000)
[2026-03-24 19:33:02.527] [INF] [004] [KeepAwakeService] Heartbeat timer stopped
[2026-03-24 19:33:02.527] [INF] [004] [KeepAwakeService] SetActive called: active=True, until=
[2026-03-24 19:33:02.527] [INF] [004] [KeepAwakeService] IsActive changed to: True
[2026-03-24 19:33:02.527] [VRB] [004] [KeepAwakeService] SetThreadExecutionState(0x80000003)
[2026-03-24 19:33:02.527] [INF] [004] [KeepAwakeService] Timers started
[2026-03-24 19:33:02.527] [INF] [004] [KeepAwakeService] SetActive called: active=False, until=
[2026-03-24 19:33:02.527] [INF] [004] [KeepAwakeService] IsActive changed to: False
[2026-03-24 19:33:02.527] [VRB] [004] [KeepAwakeService] SetThreadExecutionState(0x80000000)
[2026-03-24 19:33:02.527] [INF] [004] [KeepAwakeService] Heartbeat timer stopped
[2026-03-24 19:33:02.527] [INF] [004] [KeepAwakeService] SetActive called: active=True, until=
[2026-03-24 19:33:02.527] [INF] [004] [KeepAwakeService] IsActive changed to: True
[2026-03-24 19:33:02.527] [VRB] [004] [KeepAwakeService] SetThreadExecutionState(0x80000003)
[2026-03-24 19:33:02.527] [INF] [004] [KeepAwakeService] Timers started
[2026-03-24 19:33:02.527] [INF] [004] [KeepAwakeService] SetActive called: active=False, until=
[2026-03-24 19:33:02.527] [INF] [004] [KeepAwakeService] IsActive changed to: False
[2026-03-24 19:33:02.527] [VRB] [004] [KeepAwakeService] SetThreadExecutionState(0x80000000)
[2026-03-24 19:33:02.527] [INF] [004] [KeepAwakeService] Heartbeat timer stopped
[2026-03-24 19:33:02.527] [INF] [004] [KeepAwakeService] SetActive called: active=True, until=
[2026-03-24 19:33:02.527] [INF] [004] [KeepAwakeService] IsActive changed to: True
[2026-03-24 19:33:02.527] [VRB] [004] [KeepAwakeService] SetThreadExecutionState(0x80000003)
[2026-03-24 19:33:02.527] [INF] [004] [KeepAwakeService] Timers started
[2026-03-24 19:33:02.527] [INF] [004] [KeepAwakeService] SetActive called: active=False, until=
[2026-03-24 19:33:02.527] [INF] [004] [KeepAwakeService] IsActive changed to: False
[2026-03-24 19:33:02.527] [VRB] [004] [KeepAwakeService] SetThreadExecutionState(0x80000000)
[2026-03-24 19:33:02.527] [INF] [004] [KeepAwakeService] Heartbeat timer stopped
[2026-03-24 19:33:02.527] [INF] [004] [KeepAwakeService] SetActive called: active=True, until=
[2026-03-24 19:33:02.527] [INF] [004] [KeepAwakeService] IsActive changed to: True
[2026-03-24 19:33:02.527] [VRB] [004] [KeepAwakeService] SetThreadExecutionState(0x80000003)
[2026-03-24 19:33:02.527] [INF] [004] [KeepAwakeService] Timers started
[2026-03-24 19:33:02.527] [INF] [004] [KeepAwakeService] SetActive called: active=False, until=
[2026-03-24 19:33:02.527] [INF] [004] [KeepAwakeService] IsActive changed to: False
[2026-03-24 19:33:02.528] [VRB] [004] [KeepAwakeService] SetThreadExecutionState(0x80000000)
[2026-03-24 19:33:02.528] [INF] [004] [KeepAwakeService] Heartbeat timer stopped
[2026-03-24 19:33:02.528] [INF] [004] [KeepAwakeService] SetActive called: active=True, until=
[2026-03-24 19:33:02.528] [INF] [004] [KeepAwakeService] IsActive changed to: True
[2026-03-24 19:33:02.528] [VRB] [004] [KeepAwakeService] SetThreadExecutionState(0x80000003)
[2026-03-24 19:33:02.528] [INF] [004] [KeepAwakeService] Timers started
[2026-03-24 19:33:02.528] [INF] [004] [KeepAwakeService] SetActive called: active=False, until=
[2026-03-24 19:33:02.528] [INF] [004] [KeepAwakeService] IsActive changed to: False
[2026-03-24 19:33:02.528] [VRB] [004] [KeepAwakeService] SetThreadExecutionState(0x80000000)
[2026-03-24 19:33:02.528] [INF] [004] [KeepAwakeService] Heartbeat timer stopped
[2026-03-24 19:33:02.528] [INF] [004] [KeepAwakeService] SetActive called: active=True, until=
[2026-03-24 19:33:02.528] [INF] [004] [KeepAwakeService] IsActive changed to: True
[2026-03-24 19:33:02.528] [VRB] [004] [KeepAwakeService] SetThreadExecutionState(0x80000003)
[2026-03-24 19:33:02.528] [INF] [004] [KeepAwakeService] Timers started
[2026-03-24 19:33:02.528] [INF] [004] [KeepAwakeService] SetActive called: active=False, until=
[2026-03-24 19:33:02.528] [INF] [004] [KeepAwakeService] IsActive changed to: False
[2026-03-24 19:33:02.528] [VRB] [004] [KeepAwakeService] SetThreadExecutionState(0x80000000)
[2026-03-24 19:33:02.528] [INF] [004] [KeepAwakeService] Heartbeat timer stopped
[2026-03-24 19:33:02.528] [INF] [004] [KeepAwakeService] SetActive called: active=True, until=
[2026-03-24 19:33:02.528] [INF] [004] [KeepAwakeService] IsActive changed to: True
[2026-03-24 19:33:02.528] [VRB] [004] [KeepAwakeService] SetThreadExecutionState(0x80000003)
[2026-03-24 19:33:02.528] [INF] [004] [KeepAwakeService] Timers started
[2026-03-24 19:33:02.528] [INF] [004] [KeepAwakeService] SetActive called: active=False, until=
[2026-03-24 19:33:02.528] [INF] [004] [KeepAwakeService] IsActive changed to: False
[2026-03-24 19:33:02.528] [VRB] [004] [KeepAwakeService] SetThreadExecutionState(0x80000000)
[2026-03-24 19:33:02.528] [INF] [004] [KeepAwakeService] Heartbeat timer stopped
[2026-03-24 19:33:02.528] [INF] [004] [KeepAwakeService] SetActive called: active=True, until=
[2026-03-24 19:33:02.528] [INF] [004] [KeepAwakeService] IsActive changed to: True
[2026-03-24 19:33:02.528] [VRB] [004] [KeepAwakeService] SetThreadExecutionState(0x80000003)
[2026-03-24 19:33:02.528] [INF] [004] [KeepAwakeService] Timers started
[2026-03-24 19:33:02.528] [INF] [004] [KeepAwakeService] SetActive called: active=False, until=
[2026-03-24 19:33:02.528] [INF] [004] [KeepAwakeService] IsActive changed to: False
[2026-03-24 19:33:02.528] [VRB] [004] [KeepAwakeService] SetThreadExecutionState(0x80000000)
[2026-03-24 19:33:02.528] [INF] [004] [KeepAwakeService] Heartbeat timer stopped
[2026-03-24 19:33:02.528] [INF] [004] [KeepAwakeService] SetActive called: active=True, until=
[2026-03-24 19:33:02.528] [INF] [004] [KeepAwakeService] IsActive changed to: True
[2026-03-24 19:33:02.528] [VRB] [004] [KeepAwakeService] SetThreadExecutionState(0x80000003)
[2026-03-24 19:33:02.528] [INF] [004] [KeepAwakeService] Timers started
[2026-03-24 19:33:02.528] [INF] [004] [KeepAwakeService] SetActive called: active=False, until=
[2026-03-24 19:33:02.528] [INF] [004] [KeepAwakeService] IsActive changed to: False
[2026-03-24 19:33:02.528] [VRB] [004] [KeepAwakeService] SetThreadExecutionState(0x80000000)
[2026-03-24 19:33:02.528] [INF] [004] [KeepAwakeService] Heartbeat timer stopped
[2026-03-24 19:33:02.528] [INF] [004] [KeepAwakeService] SetActive called: active=True, until=
[2026-03-24 19:33:02.528] [INF] [004] [KeepAwakeService] IsActive changed to: True
[2026-03-24 19:33:02.528] [VRB] [004] [KeepAwakeService] SetThreadExecutionState(0x80000003)
[2026-03-24 19:33:02.528] [INF] [004] [KeepAwakeService] Timers started
[2026-03-24 19:33:02.528] [INF] [004] [KeepAwakeService] SetActive called: active=False, until=
[2026-03-24 19:33:02.528] [INF] [004] [KeepAwakeService] IsActive changed to: False
[2026-03-24 19:33:02.528] [VRB] [004] [KeepAwakeService] SetThreadExecutionState(0x80000000)
[2026-03-24 19:33:02.528] [INF] [004] [KeepAwakeService] Heartbeat timer stopped
[2026-03-24 19:33:02.528] [INF] [004] [KeepAwakeService] SetActive called: active=True, until=
[2026-03-24 19:33:02.528] [INF] [004] [KeepAwakeService] IsActive changed to: True
[2026-03-24 19:33:02.528] [VRB] [004] [KeepAwakeService] SetThreadExecutionState(0x80000003)
[2026-03-24 19:33:02.528] [INF] [004] [KeepAwakeService] Timers started
[2026-03-24 19:33:02.528] [INF] [004] [KeepAwakeService] SetActive called: active=False, until=
[2026-03-24 19:33:02.528] [INF] [004] [KeepAwakeService] IsActive changed to: False
[2026-03-24 19:33:02.528] [VRB] [004] [KeepAwakeService] SetThreadExecutionState(0x80000000)
[2026-03-24 19:33:02.528] [INF] [004] [KeepAwakeService] Heartbeat timer stopped
[2026-03-24 19:33:02.528] [INF] [004] [KeepAwakeService] SetActive called: active=True, until=
[2026-03-24 19:33:02.528] [INF] [004] [KeepAwakeService] IsActive changed to: True
[2026-03-24 19:33:02.528] [VRB] [004] [KeepAwakeService] SetThreadExecutionState(0x80000003)
[2026-03-24 19:33:02.528] [INF] [004] [KeepAwakeService] Timers started
[2026-03-24 19:33:02.528] [INF] [004] [KeepAwakeService] SetActive called: active=False, until=
[2026-03-24 19:33:02.528] [INF] [004] [KeepAwakeService] IsActive changed to: False
[2026-03-24 19:33:02.528] [VRB] [004] [KeepAwakeService] SetThreadExecutionState(0x80000000)
[2026-03-24 19:33:02.528] [INF] [004] [KeepAwakeService] Heartbeat timer stopped
[2026-03-24 19:33:02.528] [INF] [004] [KeepAwakeService] SetActive called: active=True, until=
[2026-03-24 19:33:02.528] [INF] [004] [KeepAwakeService] IsActive changed to: True
[2026-03-24 19:33:02.528] [VRB] [004] [KeepAwakeService] SetThreadExecutionState(0x80000003)
[2026-03-24 19:33:02.528] [INF] [004] [KeepAwakeService] Timers started
[2026-03-24 19:33:02.528] [INF] [004] [KeepAwakeService] SetActive called: active=False, until=
[2026-03-24 19:33:02.528] [INF] [004] [KeepAwakeService] IsActive changed to: False
[2026-03-24 19:33:02.528] [VRB] [004] [KeepAwakeService] SetThreadExecutionState(0x80000000)
[2026-03-24 19:33:02.528] [INF] [004] [KeepAwakeService] Heartbeat timer stopped
[2026-03-24 19:33:02.528] [INF] [004] [KeepAwakeService] SetActive called: active=True, until=
[2026-03-24 19:33:02.528] [INF] [004] [KeepAwakeService] IsActive changed to: True
[2026-03-24 19:33:02.528] [VRB] [004] [KeepAwakeService] SetThreadExecutionState(0x80000003)
[2026-03-24 19:33:02.528] [INF] [004] [KeepAwakeService] Timers started
[2026-03-24 19:33:02.528] [INF] [004] [KeepAwakeService] SetActive called: active=False, until=
[2026-03-24 19:33:02.528] [INF] [004] [KeepAwakeService] IsActive changed to: False
[2026-03-24 19:33:02.528] [VRB] [004] [KeepAwakeService] SetThreadExecutionState(0x80000000)
[2026-03-24 19:33:02.528] [INF] [004] [KeepAwakeService] Heartbeat timer stopped
[2026-03-24 19:33:02.528] [INF] [004] [KeepAwakeService] SetActive called: active=True, until=
[2026-03-24 19:33:02.528] [INF] [004] [KeepAwakeService] IsActive changed to: True
[2026-03-24 19:33:02.528] [VRB] [004] [KeepAwakeService] SetThreadExecutionState(0x80000003)
[2026-03-24 19:33:02.528] [INF] [004] [KeepAwakeService] Timers started
[2026-03-24 19:33:02.528] [INF] [004] [KeepAwakeService] SetActive called: active=False, until=
[2026-03-24 19:33:02.528] [INF] [004] [KeepAwakeService] IsActive changed to: False
[2026-03-24 19:33:02.528] [VRB] [004] [KeepAwakeService] SetThreadExecutionState(0x80000000)
[2026-03-24 19:33:02.528] [INF] [004] [KeepAwakeService] Heartbeat timer stopped
[2026-03-24 19:33:02.528] [INF] [004] [KeepAwakeService] SetActive called: active=True, until=
[2026-03-24 19:33:02.528] [INF] [004] [KeepAwakeService] IsActive changed to: True
[2026-03-24 19:33:02.528] [VRB] [004] [KeepAwakeService] SetThreadExecutionState(0x80000003)
[2026-03-24 19:33:02.528] [INF] [004] [KeepAwakeService] Timers started
[2026-03-24 19:33:02.528] [INF] [004] [KeepAwakeService] SetActive called: active=False, until=
[2026-03-24 19:33:02.528] [INF] [004] [KeepAwakeService] IsActive changed to: False
[2026-03-24 19:33:02.528] [VRB] [004] [KeepAwakeService] SetThreadExecutionState(0x80000000)
[2026-03-24 19:33:02.528] [INF] [004] [KeepAwakeService] Heartbeat timer stopped
[2026-03-24 19:33:02.528] [INF] [004] [KeepAwakeService] SetActive called: active=True, until=
[2026-03-24 19:33:02.528] [INF] [004] [KeepAwakeService] IsActive changed to: True
[2026-03-24 19:33:02.528] [VRB] [004] [KeepAwakeService] SetThreadExecutionState(0x80000003)
[2026-03-24 19:33:02.528] [INF] [004] [KeepAwakeService] Timers started
[2026-03-24 19:33:02.528] [INF] [004] [KeepAwakeService] SetActive called: active=False, until=
[2026-03-24 19:33:02.528] [INF] [004] [KeepAwakeService] IsActive changed to: False
[2026-03-24 19:33:02.528] [VRB] [004] [KeepAwakeService] SetThreadExecutionState(0x80000000)
[2026-03-24 19:33:02.528] [INF] [004] [KeepAwakeService] Heartbeat timer stopped
[2026-03-24 19:33:02.528] [INF] [004] [KeepAwakeService] SetActive called: active=True, until=
[2026-03-24 19:33:02.528] [INF] [004] [KeepAwakeService] IsActive changed to: True
[2026-03-24 19:33:02.528] [VRB] [004] [KeepAwakeService] SetThreadExecutionState(0x80000003)
[2026-03-24 19:33:02.528] [INF] [004] [KeepAwakeService] Timers started
[2026-03-24 19:33:02.528] [INF] [004] [KeepAwakeService] SetActive called: active=False, until=
[2026-03-24 19:33:02.528] [INF] [004] [KeepAwakeService] IsActive changed to: False
[2026-03-24 19:33:02.528] [VRB] [004] [KeepAwakeService] SetThreadExecutionState(0x80000000)
[2026-03-24 19:33:02.528] [INF] [004] [KeepAwakeService] Heartbeat timer stopped
[2026-03-24 19:33:02.528] [INF] [004] [KeepAwakeService] SetActive called: active=True, until=
[2026-03-24 19:33:02.528] [INF] [004] [KeepAwakeService] IsActive changed to: True
[2026-03-24 19:33:02.528] [VRB] [004] [KeepAwakeService] SetThreadExecutionState(0x80000003)
[2026-03-24 19:33:02.528] [INF] [004] [KeepAwakeService] Timers started
[2026-03-24 19:33:02.528] [INF] [004] [KeepAwakeService] SetActive called: active=False, until=
[2026-03-24 19:33:02.528] [INF] [004] [KeepAwakeService] IsActive changed to: False
[2026-03-24 19:33:02.528] [VRB] [004] [KeepAwakeService] SetThreadExecutionState(0x80000000)
[2026-03-24 19:33:02.528] [INF] [004] [KeepAwakeService] Heartbeat timer stopped
[2026-03-24 19:33:02.528] [INF] [004] [KeepAwakeService] SetActive called: active=True, until=
[2026-03-24 19:33:02.528] [INF] [004] [KeepAwakeService] IsActive changed to: True
[2026-03-24 19:33:02.528] [VRB] [004] [KeepAwakeService] SetThreadExecutionState(0x80000003)
[2026-03-24 19:33:02.528] [INF] [004] [KeepAwakeService] Timers started
[2026-03-24 19:33:02.528] [INF] [004] [KeepAwakeService] SetActive called: active=False, until=
[2026-03-24 19:33:02.528] [INF] [004] [KeepAwakeService] IsActive changed to: False
[2026-03-24 19:33:02.528] [VRB] [004] [KeepAwakeService] SetThreadExecutionState(0x80000000)
[2026-03-24 19:33:02.528] [INF] [004] [KeepAwakeService] Heartbeat timer stopped
[2026-03-24 19:33:02.528] [INF] [004] [KeepAwakeService] SetActive called: active=True, until=
[2026-03-24 19:33:02.528] [INF] [004] [KeepAwakeService] IsActive changed to: True
[2026-03-24 19:33:02.528] [VRB] [004] [KeepAwakeService] SetThreadExecutionState(0x80000003)
[2026-03-24 19:33:02.528] [INF] [004] [KeepAwakeService] Timers started
[2026-03-24 19:33:02.528] [INF] [004] [KeepAwakeService] SetActive called: active=False, until=
[2026-03-24 19:33:02.528] [INF] [004] [KeepAwakeService] IsActive changed to: False
[2026-03-24 19:33:02.528] [VRB] [004] [KeepAwakeService] SetThreadExecutionState(0x80000000)
[2026-03-24 19:33:02.528] [INF] [004] [KeepAwakeService] Heartbeat timer stopped
[2026-03-24 19:33:02.528] [INF] [004] [KeepAwakeService] SetActive called: active=True, until=
[2026-03-24 19:33:02.528] [INF] [004] [KeepAwakeService] IsActive changed to: True
[2026-03-24 19:33:02.528] [VRB] [004] [KeepAwakeService] SetThreadExecutionState(0x80000003)
[2026-03-24 19:33:02.528] [INF] [004] [KeepAwakeService] Timers started
[2026-03-24 19:33:02.528] [INF] [004] [KeepAwakeService] SetActive called: active=False, until=
[2026-03-24 19:33:02.528] [INF] [004] [KeepAwakeService] IsActive changed to: False
[2026-03-24 19:33:02.528] [VRB] [004] [KeepAwakeService] SetThreadExecutionState(0x80000000)
[2026-03-24 19:33:02.528] [INF] [004] [KeepAwakeService] Heartbeat timer stopped
[2026-03-24 19:33:02.528] [INF] [004] [KeepAwakeService] SetActive called: active=True, until=
[2026-03-24 19:33:02.528] [INF] [004] [KeepAwakeService] IsActive changed to: True
[2026-03-24 19:33:02.528] [VRB] [004] [KeepAwakeService] SetThreadExecutionState(0x80000003)
[2026-03-24 19:33:02.528] [INF] [004] [KeepAwakeService] Timers started
[2026-03-24 19:33:02.528] [INF] [004] [KeepAwakeService] SetActive called: active=False, until=
[2026-03-24 19:33:02.528] [INF] [004] [KeepAwakeService] IsActive changed to: False
[2026-03-24 19:33:02.528] [VRB] [004] [KeepAwakeService] SetThreadExecutionState(0x80000000)
[2026-03-24 19:33:02.528] [INF] [004] [KeepAwakeService] Heartbeat timer stopped
[2026-03-24 19:33:02.528] [INF] [004] [KeepAwakeService] SetActive called: active=True, until=
[2026-03-24 19:33:02.528] [INF] [004] [KeepAwakeService] IsActive changed to: True
[2026-03-24 19:33:02.528] [VRB] [004] [KeepAwakeService] SetThreadExecutionState(0x80000003)
[2026-03-24 19:33:02.528] [INF] [004] [KeepAwakeService] Timers started
[2026-03-24 19:33:02.528] [INF] [004] [KeepAwakeService] SetActive called: active=False, until=
[2026-03-24 19:33:02.528] [INF] [004] [KeepAwakeService] IsActive changed to: False
[2026-03-24 19:33:02.528] [VRB] [004] [KeepAwakeService] SetThreadExecutionState(0x80000000)
[2026-03-24 19:33:02.528] [INF] [004] [KeepAwakeService] Heartbeat timer stopped
[2026-03-24 19:33:02.528] [INF] [004] [KeepAwakeService] SetActive called: active=True, until=
[2026-03-24 19:33:02.528] [INF] [004] [KeepAwakeService] IsActive changed to: True
[2026-03-24 19:33:02.528] [VRB] [004] [KeepAwakeService] SetThreadExecutionState(0x80000003)
[2026-03-24 19:33:02.528] [INF] [004] [KeepAwakeService] Timers started
[2026-03-24 19:33:02.528] [INF] [004] [KeepAwakeService] SetActive called: active=False, until=
[2026-03-24 19:33:02.528] [INF] [004] [KeepAwakeService] IsActive changed to: False
[2026-03-24 19:33:02.528] [VRB] [004] [KeepAwakeService] SetThreadExecutionState(0x80000000)
[2026-03-24 19:33:02.528] [INF] [004] [KeepAwakeService] Heartbeat timer stopped
[2026-03-24 19:33:02.528] [INF] [004] [KeepAwakeService] SetActive called: active=True, until=
[2026-03-24 19:33:02.528] [INF] [004] [KeepAwakeService] IsActive changed to: True
[2026-03-24 19:33:02.528] [VRB] [004] [KeepAwakeService] SetThreadExecutionState(0x80000003)
[2026-03-24 19:33:02.528] [INF] [004] [KeepAwakeService] Timers started
[2026-03-24 19:33:02.528] [INF] [004] [KeepAwakeService] SetActive called: active=False, until=
[2026-03-24 19:33:02.528] [INF] [004] [KeepAwakeService] IsActive changed to: False
[2026-03-24 19:33:02.528] [VRB] [004] [KeepAwakeService] SetThreadExecutionState(0x80000000)
[2026-03-24 19:33:02.528] [INF] [004] [KeepAwakeService] Heartbeat timer stopped
[2026-03-24 19:33:02.528] [INF] [004] [KeepAwakeService] SetActive called: active=True, until=
[2026-03-24 19:33:02.528] [INF] [004] [KeepAwakeService] IsActive changed to: True
[2026-03-24 19:33:02.528] [VRB] [004] [KeepAwakeService] SetThreadExecutionState(0x80000003)
[2026-03-24 19:33:02.529] [INF] [004] [KeepAwakeService] Timers started
[2026-03-24 19:33:02.529] [INF] [004] [KeepAwakeService] SetActive called: active=False, until=
[2026-03-24 19:33:02.529] [INF] [004] [KeepAwakeService] IsActive changed to: False
[2026-03-24 19:33:02.529] [VRB] [004] [KeepAwakeService] SetThreadExecutionState(0x80000000)
[2026-03-24 19:33:02.529] [INF] [004] [KeepAwakeService] Heartbeat timer stopped
[2026-03-24 19:33:02.529] [INF] [004] [KeepAwakeService] SetActive called: active=True, until=
[2026-03-24 19:33:02.529] [INF] [004] [KeepAwakeService] IsActive changed to: True
[2026-03-24 19:33:02.529] [VRB] [004] [KeepAwakeService] SetThreadExecutionState(0x80000003)
[2026-03-24 19:33:02.529] [INF] [004] [KeepAwakeService] Timers started
[2026-03-24 19:33:02.529] [INF] [004] [KeepAwakeService] SetActive called: active=False, until=
[2026-03-24 19:33:02.529] [INF] [004] [KeepAwakeService] IsActive changed to: False
[2026-03-24 19:33:02.529] [VRB] [004] [KeepAwakeService] SetThreadExecutionState(0x80000000)
[2026-03-24 19:33:02.529] [INF] [004] [KeepAwakeService] Heartbeat timer stopped
[2026-03-24 19:33:02.529] [INF] [004] [KeepAwakeService] SetActive called: active=True, until=
[2026-03-24 19:33:02.529] [INF] [004] [KeepAwakeService] IsActive changed to: True
[2026-03-24 19:33:02.529] [VRB] [004] [KeepAwakeService] SetThreadExecutionState(0x80000003)
[2026-03-24 19:33:02.529] [INF] [004] [KeepAwakeService] Timers started
[2026-03-24 19:33:02.529] [INF] [004] [KeepAwakeService] SetActive called: active=False, until=
[2026-03-24 19:33:02.529] [INF] [004] [KeepAwakeService] IsActive changed to: False
[2026-03-24 19:33:02.529] [VRB] [004] [KeepAwakeService] SetThreadExecutionState(0x80000000)
[2026-03-24 19:33:02.529] [INF] [004] [KeepAwakeService] Heartbeat timer stopped
[2026-03-24 19:33:02.529] [INF] [004] [KeepAwakeService] SetActive called: active=True, until=
[2026-03-24 19:33:02.529] [INF] [004] [KeepAwakeService] IsActive changed to: True
[2026-03-24 19:33:02.529] [VRB] [004] [KeepAwakeService] SetThreadExecutionState(0x80000003)
[2026-03-24 19:33:02.529] [INF] [004] [KeepAwakeService] Timers started
[2026-03-24 19:33:02.529] [INF] [004] [KeepAwakeService] SetActive called: active=False, until=
[2026-03-24 19:33:02.529] [INF] [004] [KeepAwakeService] IsActive changed to: False
[2026-03-24 19:33:02.529] [VRB] [004] [KeepAwakeService] SetThreadExecutionState(0x80000000)
[2026-03-24 19:33:02.529] [INF] [004] [KeepAwakeService] Heartbeat timer stopped
[2026-03-24 19:33:02.529] [INF] [004] [KeepAwakeService] SetActive called: active=True, until=
[2026-03-24 19:33:02.529] [INF] [004] [KeepAwakeService] IsActive changed to: True
[2026-03-24 19:33:02.529] [VRB] [004] [KeepAwakeService] SetThreadExecutionState(0x80000003)
[2026-03-24 19:33:02.529] [INF] [004] [KeepAwakeService] Timers started
[2026-03-24 19:33:02.529] [INF] [004] [KeepAwakeService] SetActive called: active=False, until=
[2026-03-24 19:33:02.529] [INF] [004] [KeepAwakeService] IsActive changed to: False
[2026-03-24 19:33:02.529] [VRB] [004] [KeepAwakeService] SetThreadExecutionState(0x80000000)
[2026-03-24 19:33:02.529] [INF] [004] [KeepAwakeService] Heartbeat timer stopped
[2026-03-24 19:33:02.529] [INF] [004] [KeepAwakeService] SetActive called: active=True, until=
[2026-03-24 19:33:02.529] [INF] [004] [KeepAwakeService] IsActive changed to: True
[2026-03-24 19:33:02.529] [VRB] [004] [KeepAwakeService] SetThreadExecutionState(0x80000003)
[2026-03-24 19:33:02.529] [INF] [004] [KeepAwakeService] Timers started
[2026-03-24 19:33:02.529] [INF] [004] [KeepAwakeService] SetActive called: active=False, until=
[2026-03-24 19:33:02.529] [INF] [004] [KeepAwakeService] IsActive changed to: False
[2026-03-24 19:33:02.529] [VRB] [004] [KeepAwakeService] SetThreadExecutionState(0x80000000)
[2026-03-24 19:33:02.529] [INF] [004] [KeepAwakeService] Heartbeat timer stopped
[2026-03-24 19:33:02.529] [INF] [004] [KeepAwakeService] SetActive called: active=True, until=
[2026-03-24 19:33:02.529] [INF] [004] [KeepAwakeService] IsActive changed to: True
[2026-03-24 19:33:02.529] [VRB] [004] [KeepAwakeService] SetThreadExecutionState(0x80000003)
[2026-03-24 19:33:02.529] [INF] [004] [KeepAwakeService] Timers started
[2026-03-24 19:33:02.529] [INF] [004] [KeepAwakeService] SetActive called: active=False, until=
[2026-03-24 19:33:02.529] [INF] [004] [KeepAwakeService] IsActive changed to: False
[2026-03-24 19:33:02.529] [VRB] [004] [KeepAwakeService] SetThreadExecutionState(0x80000000)
[2026-03-24 19:33:02.529] [INF] [004] [KeepAwakeService] Heartbeat timer stopped
[2026-03-24 19:33:02.529] [INF] [004] [KeepAwakeService] SetActive called: active=True, until=
[2026-03-24 19:33:02.529] [INF] [004] [KeepAwakeService] IsActive changed to: True
[2026-03-24 19:33:02.529] [VRB] [004] [KeepAwakeService] SetThreadExecutionState(0x80000003)
[2026-03-24 19:33:02.529] [INF] [004] [KeepAwakeService] Timers started
[2026-03-24 19:33:02.529] [INF] [004] [KeepAwakeService] SetActive called: active=False, until=
[2026-03-24 19:33:02.529] [INF] [004] [KeepAwakeService] IsActive changed to: False
[2026-03-24 19:33:02.529] [VRB] [004] [KeepAwakeService] SetThreadExecutionState(0x80000000)
[2026-03-24 19:33:02.529] [INF] [004] [KeepAwakeService] Heartbeat timer stopped
[2026-03-24 19:33:02.529] [INF] [004] [KeepAwakeService] SetActive called: active=True, until=
[2026-03-24 19:33:02.529] [INF] [004] [KeepAwakeService] IsActive changed to: True
[2026-03-24 19:33:02.529] [VRB] [004] [KeepAwakeService] SetThreadExecutionState(0x80000003)
[2026-03-24 19:33:02.529] [INF] [004] [KeepAwakeService] Timers started
[2026-03-24 19:33:02.529] [INF] [004] [KeepAwakeService] SetActive called: active=False, until=
[2026-03-24 19:33:02.529] [INF] [004] [KeepAwakeService] IsActive changed to: False
[2026-03-24 19:33:02.529] [VRB] [004] [KeepAwakeService] SetThreadExecutionState(0x80000000)
[2026-03-24 19:33:02.529] [INF] [004] [KeepAwakeService] Heartbeat timer stopped
[2026-03-24 19:33:02.529] [INF] [004] [KeepAwakeService] SetActive called: active=True, until=
[2026-03-24 19:33:02.529] [INF] [004] [KeepAwakeService] IsActive changed to: True
[2026-03-24 19:33:02.529] [VRB] [004] [KeepAwakeService] SetThreadExecutionState(0x80000003)
[2026-03-24 19:33:02.529] [INF] [004] [KeepAwakeService] Timers started
[2026-03-24 19:33:02.529] [INF] [004] [KeepAwakeService] SetActive called: active=False, until=
[2026-03-24 19:33:02.529] [INF] [004] [KeepAwakeService] IsActive changed to: False
[2026-03-24 19:33:02.529] [VRB] [004] [KeepAwakeService] SetThreadExecutionState(0x80000000)
[2026-03-24 19:33:02.529] [INF] [004] [KeepAwakeService] Heartbeat timer stopped
[2026-03-24 19:33:02.529] [INF] [004] [KeepAwakeService] SetActive called: active=True, until=
[2026-03-24 19:33:02.529] [INF] [004] [KeepAwakeService] IsActive changed to: True
[2026-03-24 19:33:02.529] [VRB] [004] [KeepAwakeService] SetThreadExecutionState(0x80000003)
[2026-03-24 19:33:02.529] [INF] [004] [KeepAwakeService] Timers started
[2026-03-24 19:33:02.529] [INF] [004] [KeepAwakeService] SetActive called: active=False, until=
[2026-03-24 19:33:02.529] [INF] [004] [KeepAwakeService] IsActive changed to: False
[2026-03-24 19:33:02.529] [VRB] [004] [KeepAwakeService] SetThreadExecutionState(0x80000000)
[2026-03-24 19:33:02.529] [INF] [004] [KeepAwakeService] Heartbeat timer stopped
[2026-03-24 19:33:02.529] [INF] [004] [KeepAwakeService] SetActive called: active=True, until=
[2026-03-24 19:33:02.529] [INF] [004] [KeepAwakeService] IsActive changed to: True
[2026-03-24 19:33:02.529] [VRB] [004] [KeepAwakeService] SetThreadExecutionState(0x80000003)
[2026-03-24 19:33:02.529] [INF] [004] [KeepAwakeService] Timers started
[2026-03-24 19:33:02.529] [INF] [004] [KeepAwakeService] SetActive called: active=False, until=
[2026-03-24 19:33:02.529] [INF] [004] [KeepAwakeService] IsActive changed to: False
[2026-03-24 19:33:02.529] [VRB] [004] [KeepAwakeService] SetThreadExecutionState(0x80000000)
[2026-03-24 19:33:02.529] [INF] [004] [KeepAwakeService] Heartbeat timer stopped
[2026-03-24 19:33:02.529] [INF] [004] [KeepAwakeService] SetActive called: active=True, until=
[2026-03-24 19:33:02.529] [INF] [004] [KeepAwakeService] IsActive changed to: True
[2026-03-24 19:33:02.529] [VRB] [004] [KeepAwakeService] SetThreadExecutionState(0x80000003)
[2026-03-24 19:33:02.529] [INF] [004] [KeepAwakeService] Timers started
[2026-03-24 19:33:02.529] [INF] [004] [KeepAwakeService] SetActive called: active=False, until=
[2026-03-24 19:33:02.529] [INF] [004] [KeepAwakeService] IsActive changed to: False
[2026-03-24 19:33:02.529] [VRB] [004] [KeepAwakeService] SetThreadExecutionState(0x80000000)
[2026-03-24 19:33:02.529] [INF] [004] [KeepAwakeService] Heartbeat timer stopped
[2026-03-24 19:33:02.529] [INF] [004] [KeepAwakeService] SetActive called: active=True, until=
[2026-03-24 19:33:02.529] [INF] [004] [KeepAwakeService] IsActive changed to: True
[2026-03-24 19:33:02.529] [VRB] [004] [KeepAwakeService] SetThreadExecutionState(0x80000003)
[2026-03-24 19:33:02.529] [INF] [004] [KeepAwakeService] Timers started
[2026-03-24 19:33:02.529] [INF] [004] [KeepAwakeService] SetActive called: active=False, until=
[2026-03-24 19:33:02.529] [INF] [004] [KeepAwakeService] IsActive changed to: False
[2026-03-24 19:33:02.529] [VRB] [004] [KeepAwakeService] SetThreadExecutionState(0x80000000)
[2026-03-24 19:33:02.529] [INF] [004] [KeepAwakeService] Heartbeat timer stopped
[2026-03-24 19:33:02.529] [INF] [004] [KeepAwakeService] SetActive called: active=True, until=
[2026-03-24 19:33:02.529] [INF] [004] [KeepAwakeService] IsActive changed to: True
[2026-03-24 19:33:02.529] [VRB] [004] [KeepAwakeService] SetThreadExecutionState(0x80000003)
[2026-03-24 19:33:02.529] [INF] [004] [KeepAwakeService] Timers started
[2026-03-24 19:33:02.533] [VRB] [004] [TemplateService] Templates file: C:\Users\<user>\AppData\Local\Redball\templates.json, count: 1
[2026-03-24 19:33:02.536] [INF] [004] [TemplateService] Template saved: TestTemplate (13 chars)
[2026-03-24 19:33:02.540] [INF] [004] [TemplateService] Template saved: DeleteTest (7 chars)
[2026-03-24 19:33:02.540] [INF] [004] [TemplateService] Template deleted: DeleteTest
[2026-03-24 19:33:02.544] [INF] [004] [TemplateService] Template saved: Test1_63650b67-4d54-454b-aeef-909437343df3 (8 chars)
[2026-03-24 19:33:02.544] [INF] [004] [TemplateService] Template saved: Test2_97e04e5f-4042-4580-a534-950243548b4e (8 chars)
[2026-03-24 19:33:02.545] [INF] [004] [TemplateService] Template deleted: Test1_63650b67-4d54-454b-aeef-909437343df3
[2026-03-24 19:33:02.546] [INF] [004] [TemplateService] Template deleted: Test2_97e04e5f-4042-4580-a534-950243548b4e
[2026-03-24 19:33:02.547] [VRB] [004] [TextToSpeechService] Instance created
[2026-03-24 19:33:02.683] [INF] [004] [TextToSpeechService] SpeechSynthesizer initialized
[2026-03-24 19:33:02.769] [DBG] [004] [UpdateService] Current assembly version: 2.1.240.0
[2026-03-24 19:33:02.770] [DBG] [004] [UpdateService] Fetching all releases from: https://api.github.com/repos/ArMaTeC/Redball/releases
[2026-03-24 19:33:03.228] [DBG] [011] [UpdateService] API response length: 871450 chars
[2026-03-24 19:33:03.236] [DBG] [011] [UpdateService] Checking 30 releases for highest version
[2026-03-24 19:33:03.236] [VRB] [011] [UpdateService] Release v2.1.239 -> version 2.1.239
[2026-03-24 19:33:03.236] [DBG] [011] [UpdateService] New highest version found: 2.1.239 from v2.1.239
[2026-03-24 19:33:03.236] [VRB] [011] [UpdateService] Release v2.1.238 -> version 2.1.238
[2026-03-24 19:33:03.236] [VRB] [011] [UpdateService] Release v2.1.237 -> version 2.1.237
[2026-03-24 19:33:03.236] [VRB] [011] [UpdateService] Release v2.1.236 -> version 2.1.236
[2026-03-24 19:33:03.236] [VRB] [011] [UpdateService] Release v2.1.232 -> version 2.1.232
[2026-03-24 19:33:03.236] [VRB] [011] [UpdateService] Release v2.1.231 -> version 2.1.231
[2026-03-24 19:33:03.236] [VRB] [011] [UpdateService] Release v2.1.230 -> version 2.1.230
[2026-03-24 19:33:03.236] [VRB] [011] [UpdateService] Release v2.1.229 -> version 2.1.229
[2026-03-24 19:33:03.236] [VRB] [011] [UpdateService] Release v2.1.227 -> version 2.1.227
[2026-03-24 19:33:03.236] [VRB] [011] [UpdateService] Release v2.1.226 -> version 2.1.226
[2026-03-24 19:33:03.236] [VRB] [011] [UpdateService] Release v2.1.225 -> version 2.1.225
[2026-03-24 19:33:03.237] [VRB] [011] [UpdateService] Release v2.1.224 -> version 2.1.224
[2026-03-24 19:33:03.237] [VRB] [011] [UpdateService] Release v2.1.223 -> version 2.1.223
[2026-03-24 19:33:03.237] [VRB] [011] [UpdateService] Release v2.1.222 -> version 2.1.222
[2026-03-24 19:33:03.237] [VRB] [011] [UpdateService] Release v2.1.221 -> version 2.1.221
[2026-03-24 19:33:03.237] [VRB] [011] [UpdateService] Release v2.1.220 -> version 2.1.220
[2026-03-24 19:33:03.237] [VRB] [011] [UpdateService] Release v2.1.219 -> version 2.1.219
[2026-03-24 19:33:03.237] [VRB] [011] [UpdateService] Release v2.1.218 -> version 2.1.218
[2026-03-24 19:33:03.237] [VRB] [011] [UpdateService] Release v2.1.214 -> version 2.1.214
[2026-03-24 19:33:03.237] [VRB] [011] [UpdateService] Release v2.1.213 -> version 2.1.213
[2026-03-24 19:33:03.237] [VRB] [011] [UpdateService] Release v2.1.212 -> version 2.1.212
[2026-03-24 19:33:03.237] [VRB] [011] [UpdateService] Release v2.1.211 -> version 2.1.211
[2026-03-24 19:33:03.237] [VRB] [011] [UpdateService] Release v2.1.208 -> version 2.1.208
[2026-03-24 19:33:03.237] [VRB] [011] [UpdateService] Release v2.1.207 -> version 2.1.207
[2026-03-24 19:33:03.237] [VRB] [011] [UpdateService] Release v2.1.206 -> version 2.1.206
[2026-03-24 19:33:03.237] [VRB] [011] [UpdateService] Release v2.1.205 -> version 2.1.205
[2026-03-24 19:33:03.237] [VRB] [011] [UpdateService] Release v2.1.203 -> version 2.1.203
[2026-03-24 19:33:03.237] [VRB] [011] [UpdateService] Release v2.1.202 -> version 2.1.202
[2026-03-24 19:33:03.237] [VRB] [011] [UpdateService] Release v2.1.200 -> version 2.1.200
[2026-03-24 19:33:03.237] [VRB] [011] [UpdateService] Release v2.1.199 -> version 2.1.199
[2026-03-24 19:33:03.237] [INF] [011] [UpdateService] Highest version release: v2.1.239 (2.1.239)
[2026-03-24 19:33:03.237] [INF] [011] [UpdateService] Up to date (current: 2.1.240, latest: 2.1.239)
[2026-03-24 19:33:03.244] [INF] [004] [MainViewModel] Constructor called
[2026-03-24 19:33:03.245] [VRB] [004] [MainViewModel] StatusText changed to: 'Active | Display On | Heartbeat Off'
[2026-03-24 19:33:03.245] [DBG] [004] [MainViewModel] StatusText updated to: Active | Display On | Heartbeat Off
[2026-03-24 19:33:03.386] [INF] [004] [MainViewModel] Commands initialized
[2026-03-24 19:33:03.387] [INF] [004] [MainViewModel] Constructor called
[2026-03-24 19:33:03.388] [VRB] [004] [MainViewModel] StatusText changed to: 'Active | Display On | Heartbeat Off'
[2026-03-24 19:33:03.388] [DBG] [004] [MainViewModel] StatusText updated to: Active | Display On | Heartbeat Off
[2026-03-24 19:33:03.400] [INF] [004] [MainViewModel] Commands initialized
[2026-03-24 19:33:03.403] [INF] [004] [MainViewModel] Constructor called
[2026-03-24 19:33:03.403] [VRB] [004] [MainViewModel] StatusText changed to: 'Active | Display On | Heartbeat Off'
[2026-03-24 19:33:03.403] [DBG] [004] [MainViewModel] StatusText updated to: Active | Display On | Heartbeat Off
[2026-03-24 19:33:03.414] [INF] [004] [MainViewModel] Commands initialized
[2026-03-24 19:33:03.415] [INF] [004] [MainViewModel] IsActive changed to: False
[2026-03-24 19:33:03.415] [DBG] [004] [MainViewModel] StatusText updated to: Active | Display On | Heartbeat Off
[2026-03-24 19:33:03.415] [INF] [004] [MainViewModel] Constructor called
[2026-03-24 19:33:03.415] [VRB] [004] [MainViewModel] StatusText changed to: 'Active | Display On | Heartbeat Off'
[2026-03-24 19:33:03.415] [DBG] [004] [MainViewModel] StatusText updated to: Active | Display On | Heartbeat Off
[2026-03-24 19:33:03.425] [INF] [004] [MainViewModel] Commands initialized
[2026-03-24 19:33:03.426] [VRB] [004] [MainViewModel] StatusText changed to: 'Test Status 45c3cc6a-9357-48d9-b95b-4dbfb573b106'
[2026-03-24 19:33:03.426] [INF] [004] [MainViewModel] IsActive changed to: False
[2026-03-24 19:33:03.426] [VRB] [004] [MainViewModel] StatusText changed to: 'Active | Display On | Heartbeat Off'
[2026-03-24 19:33:03.426] [DBG] [004] [MainViewModel] StatusText updated to: Active | Display On | Heartbeat Off
[2026-03-24 19:33:03.426] [INF] [004] [MainViewModel] Constructor called
[2026-03-24 19:33:03.426] [VRB] [004] [MainViewModel] StatusText changed to: 'Active | Display On | Heartbeat Off'
[2026-03-24 19:33:03.426] [DBG] [004] [MainViewModel] StatusText updated to: Active | Display On | Heartbeat Off
[2026-03-24 19:33:03.435] [INF] [004] [MainViewModel] Commands initialized
[2026-03-24 19:33:03.435] [INF] [004] [MainViewModel] Constructor called
[2026-03-24 19:33:03.435] [VRB] [004] [MainViewModel] StatusText changed to: 'Active | Display On | Heartbeat Off'
[2026-03-24 19:33:03.435] [DBG] [004] [MainViewModel] StatusText updated to: Active | Display On | Heartbeat Off
[2026-03-24 19:33:03.447] [INF] [004] [MainViewModel] Commands initialized
[2026-03-24 19:33:03.447] [VRB] [004] [MainViewModel] StatusText changed to: 'Test Status'
[2026-03-24 19:33:03.450] [INF] [004] [MainViewModel] Constructor called
[2026-03-24 19:33:03.450] [VRB] [004] [MainViewModel] StatusText changed to: 'Active | Display On | Heartbeat Off'
[2026-03-24 19:33:03.450] [DBG] [004] [MainViewModel] StatusText updated to: Active | Display On | Heartbeat Off
[2026-03-24 19:33:03.460] [INF] [004] [MainViewModel] Commands initialized
[2026-03-24 19:33:03.460] [INF] [004] [MainViewModel] IsDarkMode changed to: False
[2026-03-24 19:33:03.487] [INF] [004] [MainViewModel] Constructor called
[2026-03-24 19:33:03.487] [VRB] [004] [MainViewModel] StatusText changed to: 'Active | Display On | Heartbeat Off'
[2026-03-24 19:33:03.487] [DBG] [004] [MainViewModel] StatusText updated to: Active | Display On | Heartbeat Off
[2026-03-24 19:33:03.496] [INF] [004] [MainViewModel] Commands initialized
[2026-03-24 19:33:03.497] [INF] [004] [MainViewModel] Constructor called
[2026-03-24 19:33:03.497] [VRB] [004] [MainViewModel] StatusText changed to: 'Active | Display On | Heartbeat Off'
[2026-03-24 19:33:03.497] [DBG] [004] [MainViewModel] StatusText updated to: Active | Display On | Heartbeat Off
[2026-03-24 19:33:03.507] [INF] [004] [MainViewModel] Commands initialized
[2026-03-24 19:33:03.510] [DBG] [004] [MainViewModel] Setting MainWindow reference
[2026-03-24 19:33:03.510] [INF] [004] [MainViewModel] Constructor called
[2026-03-24 19:33:03.511] [VRB] [004] [MainViewModel] StatusText changed to: 'Active | Display On | Heartbeat Off'
[2026-03-24 19:33:03.511] [DBG] [004] [MainViewModel] StatusText updated to: Active | Display On | Heartbeat Off
[2026-03-24 19:33:03.520] [INF] [004] [MainViewModel] Commands initialized
[2026-03-24 19:33:03.520] [INF] [004] [MainViewModel] IsDarkMode changed to: False
[2026-03-24 19:33:03.521] [INF] [004] [MainViewModel] Constructor called
[2026-03-24 19:33:03.521] [VRB] [004] [MainViewModel] StatusText changed to: 'Active | Display On | Heartbeat Off'
[2026-03-24 19:33:03.521] [DBG] [004] [MainViewModel] StatusText updated to: Active | Display On | Heartbeat Off
[2026-03-24 19:33:03.534] [INF] [004] [MainViewModel] Commands initialized
[2026-03-24 19:33:03.536] [INF] [004] [MainViewModel] Constructor called
[2026-03-24 19:33:03.536] [VRB] [004] [MainViewModel] StatusText changed to: 'Active | Display On | Heartbeat Off'
[2026-03-24 19:33:03.536] [DBG] [004] [MainViewModel] StatusText updated to: Active | Display On | Heartbeat Off
[2026-03-24 19:33:03.551] [INF] [004] [MainViewModel] Commands initialized
[2026-03-24 19:33:03.551] [INF] [004] [MainViewModel] Constructor called
[2026-03-24 19:33:03.551] [VRB] [004] [MainViewModel] StatusText changed to: 'Active | Display On | Heartbeat Off'
[2026-03-24 19:33:03.551] [DBG] [004] [MainViewModel] StatusText updated to: Active | Display On | Heartbeat Off
[2026-03-24 19:33:03.566] [INF] [004] [MainViewModel] Commands initialized
[2026-03-24 19:33:03.566] [INF] [004] [MainViewModel] ToggleActive called
[2026-03-24 19:33:03.566] [INF] [004] [KeepAwakeService] SetActive called: active=False, until=
[2026-03-24 19:33:03.566] [INF] [004] [KeepAwakeService] IsActive changed to: False
[2026-03-24 19:33:03.566] [VRB] [004] [KeepAwakeService] SetThreadExecutionState(0x80000000)
[2026-03-24 19:33:03.567] [INF] [004] [KeepAwakeService] Heartbeat timer stopped
[2026-03-24 19:33:03.567] [INF] [004] [MainViewModel] ToggleActive called
[2026-03-24 19:33:03.567] [INF] [004] [KeepAwakeService] SetActive called: active=True, until=
[2026-03-24 19:33:03.567] [INF] [004] [KeepAwakeService] IsActive changed to: True
[2026-03-24 19:33:03.568] [VRB] [004] [KeepAwakeService] SetThreadExecutionState(0x80000003)
[2026-03-24 19:33:03.568] [INF] [004] [KeepAwakeService] Timers started
[2026-03-24 19:33:03.568] [INF] [004] [MainViewModel] Constructor called
[2026-03-24 19:33:03.568] [VRB] [004] [MainViewModel] StatusText changed to: 'Active | Display On | Heartbeat Off'
[2026-03-24 19:33:03.568] [DBG] [004] [MainViewModel] StatusText updated to: Active | Display On | Heartbeat Off
[2026-03-24 19:33:03.580] [INF] [004] [MainViewModel] Commands initialized
[2026-03-24 19:33:03.580] [INF] [004] [KeepAwakeService] PreventDisplaySleep changed to: False
[2026-03-24 19:33:03.580] [VRB] [004] [KeepAwakeService] SetThreadExecutionState(0x80000001)
[2026-03-24 19:33:03.580] [VRB] [004] [MainViewModel] StatusText changed to: 'Active | Display Normal | Heartbeat Off'
[2026-03-24 19:33:03.580] [DBG] [004] [MainViewModel] StatusText updated to: Active | Display Normal | Heartbeat Off
[2026-03-24 19:33:03.580] [INF] [004] [MainViewModel] Constructor called
[2026-03-24 19:33:03.580] [VRB] [004] [MainViewModel] StatusText changed to: 'Active | Display Normal | Heartbeat Off'
[2026-03-24 19:33:03.580] [DBG] [004] [MainViewModel] StatusText updated to: Active | Display Normal | Heartbeat Off
[2026-03-24 19:33:03.589] [INF] [004] [MainViewModel] Commands initialized
[2026-03-24 19:33:03.589] [INF] [004] [KeepAwakeService] UseHeartbeat changed to: True
[2026-03-24 19:33:03.590] [VRB] [004] [MainViewModel] StatusText changed to: 'Active | Display Normal | F15 On'
[2026-03-24 19:33:03.590] [DBG] [004] [MainViewModel] StatusText updated to: Active | Display Normal | F15 On
[2026-03-24 19:33:03.591] [INF] [004] [MainViewModel] Constructor called
[2026-03-24 19:33:03.591] [VRB] [004] [MainViewModel] StatusText changed to: 'Active | Display Normal | F15 On'
[2026-03-24 19:33:03.591] [DBG] [004] [MainViewModel] StatusText updated to: Active | Display Normal | F15 On
[2026-03-24 19:33:03.601] [INF] [004] [MainViewModel] Commands initialized
[2026-03-24 19:33:03.601] [INF] [004] [KeepAwakeService] PreventDisplaySleep changed to: True
[2026-03-24 19:33:03.601] [VRB] [004] [KeepAwakeService] SetThreadExecutionState(0x80000003)
[2026-03-24 19:33:03.602] [VRB] [004] [MainViewModel] StatusText changed to: 'Active | Display On | F15 On'
[2026-03-24 19:33:03.602] [DBG] [004] [MainViewModel] StatusText updated to: Active | Display On | F15 On
[2026-03-24 19:33:03.602] [INF] [004] [MainViewModel] Constructor called
[2026-03-24 19:33:03.602] [DBG] [004] [MainViewModel] StatusText updated to: Active | Display On | F15 On
[2026-03-24 19:33:03.613] [INF] [004] [MainViewModel] Commands initialized
[2026-03-24 19:33:03.613] [INF] [004] [KeepAwakeService] UseHeartbeat changed to: False
[2026-03-24 19:33:03.613] [VRB] [004] [MainViewModel] StatusText changed to: 'Active | Display On | Heartbeat Off'
[2026-03-24 19:33:03.613] [DBG] [004] [MainViewModel] StatusText updated to: Active | Display On | Heartbeat Off
[2026-03-24 19:33:03.613] [INF] [004] [MainViewModel] Constructor called
[2026-03-24 19:33:03.613] [VRB] [004] [MainViewModel] StatusText changed to: 'Active | Display On | Heartbeat Off'
[2026-03-24 19:33:03.613] [DBG] [004] [MainViewModel] StatusText updated to: Active | Display On | Heartbeat Off
[2026-03-24 19:33:03.622] [INF] [004] [MainViewModel] Commands initialized
[2026-03-24 19:33:03.622] [INF] [004] [MainViewModel] Constructor called
[2026-03-24 19:33:03.622] [VRB] [004] [MainViewModel] StatusText changed to: 'Active | Display On | Heartbeat Off'
[2026-03-24 19:33:03.622] [DBG] [004] [MainViewModel] StatusText updated to: Active | Display On | Heartbeat Off
[2026-03-24 19:33:03.634] [INF] [004] [MainViewModel] Commands initialized
[2026-03-24 19:33:03.635] [INF] [004] [MainViewModel] Constructor called
[2026-03-24 19:33:03.635] [VRB] [004] [MainViewModel] StatusText changed to: 'Active | Display On | Heartbeat Off'
[2026-03-24 19:33:03.635] [DBG] [004] [MainViewModel] StatusText updated to: Active | Display On | Heartbeat Off
[2026-03-24 19:33:03.645] [INF] [004] [MainViewModel] Commands initialized
[2026-03-24 19:33:03.645] [INF] [004] [MainViewModel] OpenSettings called
[2026-03-24 19:33:03.646] [INF] [004] [MainViewModel] Constructor called
[2026-03-24 19:33:03.646] [VRB] [004] [MainViewModel] StatusText changed to: 'Active | Display On | Heartbeat Off'
[2026-03-24 19:33:03.646] [DBG] [004] [MainViewModel] StatusText updated to: Active | Display On | Heartbeat Off
[2026-03-24 19:33:03.655] [INF] [004] [MainViewModel] Commands initialized
[2026-03-24 19:33:03.655] [INF] [004] [MainViewModel] StartTypeThing called
[2026-03-24 19:33:03.655] [WRN] [004] [MainViewModel] MainWindow reference not available, cannot start TypeThing
[2026-03-24 19:33:03.656] [INF] [004] [MainViewModel] Constructor called
[2026-03-24 19:33:03.656] [VRB] [004] [MainViewModel] StatusText changed to: 'Active | Display On | Heartbeat Off'
[2026-03-24 19:33:03.656] [DBG] [004] [MainViewModel] StatusText updated to: Active | Display On | Heartbeat Off
[2026-03-24 19:33:03.670] [INF] [004] [MainViewModel] Commands initialized
[2026-03-24 19:33:03.670] [INF] [004] [MainViewModel] ShowAbout called
[2026-03-24 19:33:03.670] [INF] [004] [MainViewModel] Constructor called
[2026-03-24 19:33:03.670] [VRB] [004] [MainViewModel] StatusText changed to: 'Active | Display On | Heartbeat Off'
[2026-03-24 19:33:03.670] [DBG] [004] [MainViewModel] StatusText updated to: Active | Display On | Heartbeat Off
[2026-03-24 19:33:03.686] [INF] [004] [MainViewModel] Commands initialized
[2026-03-24 19:33:03.686] [INF] [004] [MainViewModel] Constructor called
[2026-03-24 19:33:03.687] [VRB] [004] [MainViewModel] StatusText changed to: 'Active | Display On | Heartbeat Off'
[2026-03-24 19:33:03.687] [DBG] [004] [MainViewModel] StatusText updated to: Active | Display On | Heartbeat Off
[2026-03-24 19:33:03.699] [INF] [004] [MainViewModel] Commands initialized
[2026-03-24 19:33:03.699] [INF] [004] [MainViewModel] Constructor called
[2026-03-24 19:33:03.699] [VRB] [004] [MainViewModel] StatusText changed to: 'Active | Display On | Heartbeat Off'
[2026-03-24 19:33:03.699] [DBG] [004] [MainViewModel] StatusText updated to: Active | Display On | Heartbeat Off
[2026-03-24 19:33:03.709] [INF] [004] [MainViewModel] Commands initialized
[2026-03-24 19:33:03.710] [INF] [004] [MainViewModel] Constructor called
[2026-03-24 19:33:03.710] [VRB] [004] [MainViewModel] StatusText changed to: 'Active | Display On | Heartbeat Off'
[2026-03-24 19:33:03.710] [DBG] [004] [MainViewModel] StatusText updated to: Active | Display On | Heartbeat Off
[2026-03-24 19:33:03.719] [INF] [004] [MainViewModel] Commands initialized
[2026-03-24 19:33:03.719] [INF] [004] [MainViewModel] Constructor called
[2026-03-24 19:33:03.719] [VRB] [004] [MainViewModel] StatusText changed to: 'Active | Display On | Heartbeat Off'
[2026-03-24 19:33:03.719] [DBG] [004] [MainViewModel] StatusText updated to: Active | Display On | Heartbeat Off
[2026-03-24 19:33:03.730] [INF] [004] [MainViewModel] Commands initialized
[2026-03-24 19:33:03.731] [INF] [004] [MainViewModel] Constructor called
[2026-03-24 19:33:03.731] [VRB] [004] [MainViewModel] StatusText changed to: 'Active | Display On | Heartbeat Off'
[2026-03-24 19:33:03.731] [DBG] [004] [MainViewModel] StatusText updated to: Active | Display On | Heartbeat Off
[2026-03-24 19:33:03.744] [INF] [004] [MainViewModel] Commands initialized
[2026-03-24 19:33:03.745] [INF] [004] [MainViewModel] Constructor called
[2026-03-24 19:33:03.745] [VRB] [004] [MainViewModel] StatusText changed to: 'Active | Display On | Heartbeat Off'
[2026-03-24 19:33:03.745] [DBG] [004] [MainViewModel] StatusText updated to: Active | Display On | Heartbeat Off
[2026-03-24 19:33:03.756] [INF] [004] [MainViewModel] Commands initialized
[2026-03-24 19:33:03.758] [INF] [004] [MainViewModel] Constructor called
[2026-03-24 19:33:03.758] [VRB] [004] [MainViewModel] StatusText changed to: 'Active | Display On | Heartbeat Off'
[2026-03-24 19:33:03.758] [DBG] [004] [MainViewModel] StatusText updated to: Active | Display On | Heartbeat Off
[2026-03-24 19:33:03.768] [INF] [004] [MainViewModel] Commands initialized
[2026-03-24 19:33:03.769] [INF] [004] [MainViewModel] Constructor called
[2026-03-24 19:33:03.769] [VRB] [004] [MainViewModel] StatusText changed to: 'Active | Display On | Heartbeat Off'
[2026-03-24 19:33:03.769] [DBG] [004] [MainViewModel] StatusText updated to: Active | Display On | Heartbeat Off
[2026-03-24 19:33:03.786] [INF] [004] [MainViewModel] Commands initialized
[2026-03-24 19:33:03.786] [INF] [004] [MainViewModel] Constructor called
[2026-03-24 19:33:03.786] [VRB] [004] [MainViewModel] StatusText changed to: 'Active | Display On | Heartbeat Off'
[2026-03-24 19:33:03.786] [DBG] [004] [MainViewModel] StatusText updated to: Active | Display On | Heartbeat Off
[2026-03-24 19:33:03.817] [INF] [004] [MainViewModel] Commands initialized
[2026-03-24 19:33:03.817] [INF] [004] [MainViewModel] Constructor called
[2026-03-24 19:33:03.817] [VRB] [004] [MainViewModel] StatusText changed to: 'Active | Display On | Heartbeat Off'
[2026-03-24 19:33:03.817] [DBG] [004] [MainViewModel] StatusText updated to: Active | Display On | Heartbeat Off
[2026-03-24 19:33:03.845] [INF] [004] [MainViewModel] Commands initialized
[2026-03-24 19:33:03.846] [INF] [004] [MainViewModel] Constructor called
[2026-03-24 19:33:03.846] [VRB] [004] [MainViewModel] StatusText changed to: 'Active | Display On | Heartbeat Off'
[2026-03-24 19:33:03.846] [DBG] [004] [MainViewModel] StatusText updated to: Active | Display On | Heartbeat Off
[2026-03-24 19:33:03.861] [INF] [004] [MainViewModel] Commands initialized
[2026-03-24 19:33:03.862] [INF] [004] [MainViewModel] Constructor called
[2026-03-24 19:33:03.862] [VRB] [004] [MainViewModel] StatusText changed to: 'Active | Display On | Heartbeat Off'
[2026-03-24 19:33:03.862] [DBG] [004] [MainViewModel] StatusText updated to: Active | Display On | Heartbeat Off
[2026-03-24 19:33:03.873] [INF] [004] [MainViewModel] Commands initialized
[2026-03-24 19:33:03.873] [INF] [004] [MainViewModel] Constructor called
[2026-03-24 19:33:03.873] [VRB] [004] [MainViewModel] StatusText changed to: 'Active | Display On | Heartbeat Off'
[2026-03-24 19:33:03.873] [DBG] [004] [MainViewModel] StatusText updated to: Active | Display On | Heartbeat Off
[2026-03-24 19:33:03.897] [INF] [004] [MainViewModel] Commands initialized
[2026-03-24 19:33:03.898] [INF] [004] [MainViewModel] Constructor called
[2026-03-24 19:33:03.898] [VRB] [004] [MainViewModel] StatusText changed to: 'Active | Display On | Heartbeat Off'
[2026-03-24 19:33:03.898] [DBG] [004] [MainViewModel] StatusText updated to: Active | Display On | Heartbeat Off
[2026-03-24 19:33:03.913] [INF] [004] [MainViewModel] Commands initialized
[2026-03-24 19:33:03.914] [INF] [004] [MainViewModel] Constructor called
[2026-03-24 19:33:03.914] [VRB] [004] [MainViewModel] StatusText changed to: 'Active | Display On | Heartbeat Off'
[2026-03-24 19:33:03.914] [DBG] [004] [MainViewModel] StatusText updated to: Active | Display On | Heartbeat Off
[2026-03-24 19:33:03.926] [INF] [004] [MainViewModel] Commands initialized
[2026-03-24 19:33:03.927] [INF] [004] [MainViewModel] Constructor called
[2026-03-24 19:33:03.927] [VRB] [004] [MainViewModel] StatusText changed to: 'Active | Display On | Heartbeat Off'
[2026-03-24 19:33:03.927] [DBG] [004] [MainViewModel] StatusText updated to: Active | Display On | Heartbeat Off
[2026-03-24 19:33:03.940] [INF] [004] [MainViewModel] Commands initialized
[2026-03-24 19:33:03.940] [VRB] [004] [MainViewModel] StatusText changed to: 'Before refresh 241d6e49-f9be-49df-b1d5-4c906cd64c95'
[2026-03-24 19:33:03.940] [VRB] [004] [MainViewModel] StatusText changed to: 'Active | Display On | Heartbeat Off'
[2026-03-24 19:33:03.940] [DBG] [004] [MainViewModel] StatusText updated to: Active | Display On | Heartbeat Off
[2026-03-24 19:33:03.942] [INF] [004] [MainViewModel] Constructor called
[2026-03-24 19:33:03.942] [VRB] [004] [MainViewModel] StatusText changed to: 'Active | Display On | Heartbeat Off'
[2026-03-24 19:33:03.942] [DBG] [004] [MainViewModel] StatusText updated to: Active | Display On | Heartbeat Off
[2026-03-24 19:33:03.965] [INF] [004] [MainViewModel] Commands initialized
[2026-03-24 19:33:03.965] [INF] [004] [MainViewModel] ToggleActive called
[2026-03-24 19:33:03.965] [INF] [004] [KeepAwakeService] SetActive called: active=False, until=
[2026-03-24 19:33:03.965] [INF] [004] [KeepAwakeService] IsActive changed to: False
[2026-03-24 19:33:03.965] [VRB] [004] [KeepAwakeService] SetThreadExecutionState(0x80000000)
[2026-03-24 19:33:03.965] [INF] [004] [KeepAwakeService] Heartbeat timer stopped
[2026-03-24 19:33:03.965] [INF] [004] [MainViewModel] ToggleActive called
[2026-03-24 19:33:03.965] [INF] [004] [KeepAwakeService] SetActive called: active=True, until=
[2026-03-24 19:33:03.965] [INF] [004] [KeepAwakeService] IsActive changed to: True
[2026-03-24 19:33:03.965] [VRB] [004] [KeepAwakeService] SetThreadExecutionState(0x80000003)
[2026-03-24 19:33:03.965] [INF] [004] [KeepAwakeService] Timers started
